N:100	53,1.000000,1.000000,16,18,25,26,27,28,30,32,37,38,43,57,58,59,61,62,63,65,66,69,70,71,74,83,95,96,97,98,99,108,109,110,113,120,125,144,151,157,258,314,356,397,403,449,486,491,497,499,500,710,885,927,948
N:101	3,1.000000,1.000000,96,97,98
N:103	36,0.985873,0.986056,7,16,26,27,28,29,30,32,36,37,43,59,93,95,102,104,153,161,165,166,305,306,311,388,399,404,438,470,480,494,499,536,614,658,703,804
N:108	40,0.924873,0.925082,22,26,27,36,39,41,43,68,83,84,99,100,107,109,110,112,115,119,120,123,124,135,138,139,140,143,144,160,163,166,170,173,199,304,310,357,441,486,497,708
N:10	3,1.000000,1.000000,11,12,13
N:110	68,1.000000,1.000000,16,18,20,22,24,25,26,27,28,32,33,37,40,41,57,58,65,66,69,83,84,88,89,91,92,100,107,108,111,112,118,120,121,125,129,130,131,135,138,141,145,151,159,160,161,166,169,170,190,194,195,196,225,258,259,305,313,316,394,397,449,473,493,536,564,568,708,751
N:112	51,1.040706,1.041043,16,17,22,24,26,27,41,65,83,84,87,90,91,107,108,109,110,119,120,130,135,138,139,140,143,144,160,161,163,165,166,167,168,169,170,171,172,173,191,205,258,310,357,493,536,708,743,751,827,833,856
N:118	76,1.403897,1.404780,16,17,21,23,24,25,26,27,28,36,65,66,67,76,83,84,86,87,89,90,91,92,95,110,117,120,121,122,124,126,128,130,151,152,153,157,164,165,167,169,191,196,200,222,229,232,258,309,310,311,312,313,315,316,318,319,322,323,326,355,394,395,419,449,469,472,473,475,476,484,564,577,613,693,708,833
N:119	77,1.651413,1.652130,5,16,17,19,20,21,22,23,24,27,37,41,43,47,72,76,83,84,86,88,89,90,91,92,97,108,112,117,120,121,123,135,140,144,154,165,171,191,192,193,199,200,222,225,235,273,283,304,310,311,312,319,397,428,431,449,469,470,478,480,481,482,488,490,499,536,554,626,638,693,703,708,805,857,863,864,916
N:11	47,1.000000,1.000000,10,12,13,49,82,89,177,178,179,183,185,188,210,220,225,231,244,246,247,248,272,273,280,289,342,343,348,350,364,365,368,426,444,452,453,458,504,516,521,529,564,585,635,674,735,769,836
N:120	98,1.000000,1.000000,16,17,18,19,21,22,23,26,27,28,29,30,38,41,57,58,64,65,67,72,76,78,83,84,87,89,91,92,95,98,99,100,108,110,112,113,117,118,119,121,122,124,125,126,130,135,138,139,140,141,144,152,156,157,158,160,163,164,165,166,168,171,191,200,225,254,258,295,304,310,313,314,316,317,319,325,356,394,397,411,412,469,471,472,478,480,486,493,497,500,536,568,708,710,815,858,859,860
N:121	54,1.262321,1.262851,16,17,26,27,57,65,76,83,84,86,87,88,89,90,91,110,117,118,119,120,122,124,128,130,133,137,144,145,157,164,196,200,221,258,308,309,310,311,312,313,315,316,349,478,494,544,554,579,589,708,771,805,861,900
N:125	55,1.137083,1.137258,16,17,21,22,26,27,28,29,30,32,36,37,38,57,59,60,61,64,65,66,68,71,77,83,84,91,93,95,99,100,110,117,120,126,127,156,157,161,166,200,201,268,310,356,358,372,397,399,404,412,646,658,693,710,778
N:129	28,0.965061,0.965458,16,39,41,83,84,88,110,130,131,132,133,134,135,136,137,138,139,140,141,142,143,144,145,146,147,148,149,150
N:12	133,1.000000,1.000000,2,10,11,13,20,31,47,48,49,64,79,80,81,82,83,84,89,165,178,179,183,188,189,196,210,212,218,219,221,228,231,244,246,247,248,249,254,257,259,272,273,281,290,305,318,322,334,335,337,338,341,342,343,344,345,346,347,348,349,350,351,352,354,364,366,368,372,379,390,392,398,424,426,441,444,453,454,456,457,458,467,469,506,507,509,511,513,515,520,521,528,529,537,562,564,565,568,577,595,608,630,634,635,637,660,665,666,667,668,669,671,680,685,689,692,708,717,727,737,743,747,769,772,836,847,848,880,920,931,932,933,934,935
N:130	66,1.000000,1.000000,17,19,22,24,32,33,39,41,65,66,83,84,87,88,89,91,92,110,112,118,120,121,129,131,135,138,139,140,144,145,148,150,151,157,160,164,166,169,194,196,205,258,305,309,313,316,322,366,393,397,471,473,479,491,492,493,569,609,624,693,708,751,803,833,855,861
N:133	75,1.739820,1.740743,7,16,17,18,27,49,67,76,83,84,86,87,88,89,90,91,121,129,131,135,137,139,153,157,164,192,232,263,307,310,313,315,316,318,319,322,323,394,395,398,419,421,431,432,434,436,437,456,471,472,473,476,492,493,494,544,574,589,604,609,614,654,659,692,693,698,711,717,751,771,847,855,861,939,981
N:134	44,1.049789,1.050502,7,16,22,76,80,83,84,86,88,91,129,135,138,164,192,229,236,237,258,274,280,295,307,310,319,324,420,422,426,428,430,433,449,478,484,485,488,542,593,595,614,703,849,850
N:135	150,4.496714,4.498073,7,8,16,17,19,21,22,24,25,26,27,32,33,38,39,41,43,65,76,78,83,84,86,87,88,89,91,92,95,108,110,111,112,119,120,129,130,132,133,134,136,137,138,139,140,141,142,143,144,145,146,147,148,149,156,160,161,163,164,165,166,167,168,169,170,171,172,173,191,192,193,195,198,199,200,205,206,207,225,256,258,292,305,310,319,320,321,340,357,395,397,402,430,449,471,473,475,477,478,479,480,481,482,485,487,488,489,490,491,492,493,497,536,542,543,554,556,569,571,588,597,609,612,623,624,629,630,658,664,688,693,708,711,743,751,771,776,790,791,792,829,833,856,862,885,886,887,888,889,890
N:138	79,1.674364,1.675190,16,17,18,19,22,23,24,39,65,76,83,84,87,88,91,92,108,110,111,112,120,129,130,131,134,135,139,140,141,142,143,144,160,161,165,166,168,169,191,194,198,204,205,225,241,256,258,295,297,305,309,310,319,366,471,472,476,478,479,480,481,484,490,491,492,493,505,536,541,542,569,609,614,624,708,743,751,833,855
N:139	43,1.306482,1.306949,22,39,43,83,84,87,88,108,112,120,129,130,132,133,135,138,140,141,143,144,146,148,160,170,204,205,207,317,319,497,554,556,574,688,708,751,803,833,856,861,867,887,888
N:13	72,1.000000,1.000000,10,11,12,47,49,178,179,188,189,210,212,218,221,231,242,243,244,246,254,267,272,281,289,308,313,334,335,338,342,343,345,348,351,361,364,368,390,443,444,445,446,455,456,458,507,509,510,511,512,513,516,517,518,520,521,522,523,524,529,539,560,562,643,667,685,719,881,884,908,914,933,960
N:141	32,0.833821,0.834079,17,18,19,22,27,83,86,88,110,120,129,135,138,139,144,204,314,319,322,394,482,493,542,554,555,556,567,568,569,570,571,572
N:143	28,1.265947,1.266323,16,39,83,88,108,112,129,135,138,139,140,142,144,145,146,148,163,170,205,258,340,477,556,791,856,887,889,890
N:144	51,1.256986,1.257345,16,26,27,29,30,37,39,43,83,87,88,91,97,98,100,108,112,119,120,121,129,130,131,135,136,138,139,140,141,142,143,150,154,156,160,170,309,310,317,325,478,495,497,499,536,703,708,743,815,833,856
N:148	21,0.918977,0.919307,129,130,131,132,135,139,143,146,147,160,170,204,205,207,543,612,629,688,861,867,887
N:149	5,0.356004,0.356286,129,135,145,543,834
N:14	31,1.000000,1.000000,15,16,17,18,19,20,21,22,23,24,25,26,27,28,29,30,31,32,33,34,35,36,37,38,39,40,41,42,43,44,45
N:150	5,1.000000,1.000000,39,129,130,131,144
N:152	60,1.132256,1.132630,16,17,18,19,21,22,23,24,25,26,27,28,30,32,33,35,41,58,61,63,65,66,69,71,72,74,84,87,89,90,91,95,113,118,120,123,124,128,151,157,165,166,194,196,305,309,310,311,314,316,319,327,394,449,481,502,541,579,581,613
N:153	56,1.535744,1.536554,16,18,26,31,36,83,84,87,89,92,94,103,118,133,151,157,158,159,161,165,174,196,272,273,305,306,308,309,313,316,318,320,321,324,333,334,338,355,386,387,389,470,480,493,501,536,537,538,539,540,541,542,543,544,545,546
N:154	32,0.965359,0.965451,16,17,22,24,26,31,45,76,83,84,86,91,114,119,144,151,155,156,161,162,171,200,310,478,653,674,703,782,828,856,857,997
N:156	48,0.904164,0.904360,16,17,22,24,26,27,28,29,30,31,36,37,38,41,76,83,84,88,91,92,95,111,114,120,125,135,144,151,154,155,161,162,166,172,200,306,310,478,494,497,498,499,502,505,613,703,705,827
N:157	70,1.406874,1.407450,16,18,21,22,26,27,28,30,31,38,57,58,63,65,66,69,72,74,83,84,87,89,91,93,95,97,98,100,113,118,120,121,122,125,126,130,133,151,152,153,158,159,164,166,167,174,194,221,305,307,308,309,310,311,312,313,314,315,316,317,318,319,320,321,322,323,324,325,326,327
N:158	47,0.873053,0.873247,16,17,18,19,20,21,22,23,24,26,27,28,29,31,32,35,36,38,59,61,65,66,67,73,84,89,90,91,94,95,98,116,120,151,153,157,159,166,305,310,314,421,449,498,502,605,693
N:15	14,1.000000,1.000000,14,176,177,182,183,185,186,465,466,468,599,723,759,760
N:160	52,1.000000,1.000000,16,17,18,19,20,23,24,39,41,64,65,66,68,83,88,108,110,112,120,130,131,135,138,139,140,144,148,151,161,165,166,169,190,191,194,195,225,258,305,310,397,478,484,491,493,497,536,569,609,624,708,751
N:161	34,0.869976,0.870258,16,17,26,29,31,36,83,94,103,105,110,112,114,125,135,138,151,153,154,156,159,160,162,165,305,306,321,480,536,543,545,546,708,743
N:164	65,1.278741,1.279455,16,17,26,27,28,57,65,76,78,79,83,84,86,87,88,89,90,91,92,93,95,118,120,121,130,133,134,135,137,157,163,167,174,191,195,196,200,201,229,232,258,295,309,310,312,319,322,419,432,449,469,470,471,472,473,474,478,484,488,505,542,569,574,577,582
N:165	84,1.666531,1.667415,12,16,17,18,19,20,21,22,23,24,27,30,31,32,37,43,76,83,84,86,87,89,91,92,103,111,112,118,119,120,135,138,140,152,153,160,161,163,166,167,169,191,194,200,222,227,232,305,309,310,311,313,314,316,318,350,355,419,438,449,475,476,480,481,482,484,487,490,493,536,537,541,564,614,615,624,625,626,691,693,699,704,708,743
N:166	92,1.887638,1.888283,16,17,18,20,21,22,23,24,25,26,27,28,29,30,31,32,35,65,66,76,83,84,88,89,90,91,95,103,108,110,111,112,113,120,122,124,125,128,130,131,135,138,140,152,156,157,158,160,163,165,167,168,169,191,194,199,200,222,305,309,310,311,313,314,316,319,323,325,327,394,402,404,449,470,475,478,481,487,490,493,502,541,579,624,662,693,711,751,780,858,859,860
N:167	41,0.823231,0.823625,16,17,18,22,24,26,66,67,76,84,89,90,91,112,118,124,135,157,163,164,165,166,168,169,194,305,310,311,313,322,323,355,404,419,449,470,476,564,662,711,833
N:16	210,1.000000,1.000000,7,14,17,18,19,20,21,22,23,24,25,26,27,28,29,30,31,32,33,35,36,37,38,39,40,41,42,43,47,49,56,58,59,60,61,65,66,67,69,71,73,76,78,83,84,86,87,88,89,90,91,92,94,95,97,98,99,100,102,103,104,105,106,110,112,113,115,118,119,120,121,123,125,126,129,133,134,135,138,140,143,144,151,152,153,154,155,156,157,158,159,160,161,164,165,166,167,171,172,191,192,193,194,195,196,199,200,201,222,227,229,232,240,258,272,292,295,305,306,307,308,309,310,311,312,313,314,316,317,318,319,321,322,324,325,327,342,356,386,387,388,394,395,396,399,404,405,422,431,469,470,471,472,473,474,475,476,478,480,481,482,484,486,491,492,493,494,495,496,497,498,499,500,503,505,533,536,538,542,547,569,571,576,577,579,581,582,604,610,612,613,614,624,658,664,693,703,705,707,728,729,730,776,780,802,805,815,855,856,911
N:170	30,1.000000,1.000000,21,22,23,24,27,28,41,83,88,90,91,108,110,111,112,135,139,140,143,144,148,163,200,201,202,203,204,205,206,207
N:176	19,0.846099,0.846856,15,89,175,182,185,186,223,250,271,363,365,452,684,759,760,835,853,894,946
N:177	37,1.029554,1.031194,11,15,47,175,178,180,181,182,185,188,189,219,220,221,223,225,236,242,250,254,271,281,286,365,370,372,373,378,455,458,515,520,558,573,639,766,917
N:178	125,3.883150,3.888411,11,12,13,47,48,49,51,80,81,82,175,177,179,180,187,188,189,198,209,210,212,219,220,221,223,226,231,238,242,243,244,246,247,254,267,272,273,275,281,289,294,308,328,329,330,334,335,338,341,342,343,345,346,347,348,351,361,364,365,366,368,370,374,375,378,390,391,426,427,441,443,444,445,446,452,453,454,456,458,459,460,464,506,507,508,509,510,511,512,513,514,516,517,518,520,521,523,524,526,529,539,560,573,627,630,635,665,666,667,668,669,670,671,672,673,674,675,676,677,678,679,680,681,682,683
N:179	34,1.025788,1.027147,11,12,13,47,175,178,189,220,231,244,254,271,281,342,348,351,364,368,445,458,504,511,512,513,518,524,564,588,630,667,761,835,912,963
N:17	165,1.000000,1.000000,14,16,18,19,20,21,22,23,24,25,26,27,28,31,32,34,35,36,38,41,45,48,49,57,58,59,64,65,67,68,70,72,73,76,83,84,86,89,90,91,92,93,94,95,107,109,111,112,115,118,119,120,121,125,127,128,130,133,135,138,141,152,154,156,158,160,161,164,165,166,167,191,193,200,201,202,203,206,221,222,224,263,280,295,304,305,309,310,311,313,316,318,319,322,323,332,349,355,372,393,394,395,397,398,399,412,419,432,449,450,471,473,476,478,482,491,493,494,496,501,515,541,561,564,582,611,613,615,624,630,658,674,691,692,693,694,695,696,697,699,700,701,702,708,710,717,755,756,757,758,774,775,776,777,778,779,780,781,782,783,784,785,786,787,788
N:182	41,1.403496,1.404900,1,2,15,79,80,81,89,175,176,177,180,183,185,186,225,241,242,246,247,257,259,271,349,361,362,363,367,370,373,379,382,384,447,453,457,512,735,836,936,937,938
N:183	38,1.265149,1.266212,11,12,15,48,89,175,180,182,186,187,219,225,235,241,242,247,250,290,363,372,373,378,381,382,451,452,453,465,466,467,468,529,531,635,641,674,761,926
N:185	23,0.839630,0.840447,11,15,175,176,177,180,182,187,188,189,218,246,250,254,271,378,466,561,628,630,759,761,766
N:186	33,1.244052,1.244973,15,25,175,176,180,182,183,241,242,249,250,363,367,369,374,382,390,391,447,452,465,531,635,641,656,674,735,759,761,774,893,894,936
N:188	32,0.916946,0.918109,2,11,12,13,47,48,175,177,178,185,189,242,244,247,250,254,272,342,348,364,368,378,390,452,457,458,510,528,529,562,766,996
N:189	38,1.027278,1.029410,12,13,47,80,175,177,178,179,180,185,188,223,225,231,242,244,250,254,267,342,348,351,364,365,378,391,444,452,456,458,512,516,523,558,632,714,724,766
N:18	69,1.000000,1.000000,14,16,17,19,20,21,22,23,24,26,27,28,31,32,38,41,78,83,84,91,100,110,111,120,122,128,133,138,141,152,153,157,158,160,165,166,167,191,194,196,200,206,224,235,259,304,305,309,313,314,316,318,320,323,324,343,394,449,470,491,493,537,540,564,568,658,674,708,717
N:190	15,1.000000,1.000000,83,86,88,110,122,160,191,192,193,194,195,196,197,198,199
N:191	97,2.154521,2.155794,7,16,17,18,19,21,22,23,24,32,57,65,76,78,83,84,86,88,90,91,111,112,118,119,120,122,123,135,138,140,160,164,165,166,169,190,192,193,194,197,199,200,201,203,224,225,240,242,272,274,277,280,291,292,295,305,310,313,317,319,355,362,393,394,398,419,449,453,469,470,471,472,476,480,481,482,487,490,491,493,496,541,590,614,615,658,691,692,693,695,696,697,699,700,702,708,850
N:192	43,1.057251,1.058593,16,47,76,78,80,84,86,119,133,134,135,190,191,193,197,199,219,221,229,232,236,272,277,280,281,307,310,318,421,427,485,488,577,580,582,587,594,599,604,693,855,916,929
N:194	50,0.986814,0.987018,16,18,19,22,23,24,26,27,28,31,63,66,69,74,76,83,84,86,91,97,110,122,128,130,131,138,152,157,160,165,166,167,190,191,193,199,200,305,310,313,315,316,325,449,481,482,487,493,751,833
N:195	20,0.891762,0.891857,16,76,83,86,88,110,135,136,160,164,190,258,473,474,477,484,488,489,899,900
N:196	41,1.201761,1.202273,12,16,18,83,84,87,89,90,91,110,118,121,124,128,130,137,145,152,153,164,190,198,200,258,259,309,313,318,324,345,346,348,368,473,524,540,542,544,680,689,880
N:19	81,1.000000,1.000000,7,14,16,17,18,20,21,22,23,24,25,26,27,28,30,31,32,38,41,42,47,58,60,68,72,73,83,84,91,93,111,115,119,120,130,135,138,141,152,158,160,165,191,193,194,200,201,206,219,236,237,256,263,264,274,305,314,316,317,395,397,398,419,449,471,481,491,493,496,666,694,708,711,778,812,813,818,819,883,905,992
N:1	15,1.000000,1.000000,0,2,175,180,182,239,246,249,257,261,285,289,452,566,994
N:200	84,1.000000,1.000000,16,17,18,19,20,21,22,23,24,27,32,35,41,43,64,65,67,68,72,76,83,84,86,88,89,90,91,92,95,111,118,119,120,121,122,125,128,135,154,156,164,165,166,170,191,193,194,196,199,206,222,295,304,305,310,313,314,316,397,432,449,450,470,473,480,481,482,487,490,493,494,495,555,571,613,658,693,694,703,705,708,778,805,861
N:201	37,0.924651,0.924859,16,17,19,20,21,22,23,24,26,27,58,61,64,65,84,89,90,91,95,125,126,127,164,170,191,193,222,295,310,323,358,360,449,471,482,486,693
N:202	11,0.894970,0.895125,17,170,203,476,554,691,693,695,697,704,781
N:209	44,1.341781,1.345159,47,49,80,178,208,210,212,213,214,215,216,217,219,222,223,224,227,228,229,238,244,254,273,289,348,364,368,417,424,454,520,548,549,550,553,576,577,578,591,670,714,733,734,878
N:20	49,1.000000,1.000000,7,12,14,16,17,18,19,21,22,23,24,25,27,31,32,41,42,58,68,73,76,83,84,91,107,110,115,119,155,158,160,165,166,172,200,201,239,246,305,314,406,449,493,564,694,708,776,793,822
N:210	99,1.000000,1.000000,11,12,13,48,49,50,51,53,54,79,80,81,82,84,178,184,187,208,209,211,212,213,214,215,216,217,218,224,226,228,235,243,244,246,249,254,272,273,281,283,334,339,341,342,343,344,345,347,348,351,362,364,366,424,426,427,441,442,453,454,456,458,507,508,509,512,513,514,520,522,558,563,564,577,582,630,635,639,666,668,669,733,737,747,777,782,842,868,882,916,917,918,919,920,921,922,923,924,925
N:212	53,1.460178,1.462036,12,13,48,49,77,78,80,81,178,208,209,210,213,225,228,231,244,254,272,273,281,341,342,343,344,345,346,347,348,350,351,364,368,424,426,453,458,506,513,520,529,563,635,639,654,665,669,680,736,737,747,916,956
N:215	29,1.228168,1.229865,47,54,84,208,209,210,213,214,217,223,228,238,240,273,286,454,520,549,578,591,632,714,734,740,882,906,907,923,924
N:216	12,0.548780,0.550010,208,209,210,217,227,228,417,576,577,733,734,738
N:217	44,1.391468,1.395398,47,208,209,210,213,215,216,219,223,226,228,238,252,270,273,414,415,452,454,548,549,550,551,552,576,577,578,579,603,630,640,673,675,714,715,716,720,724,731,733,739,740,741,742
N:218	46,1.203480,1.205664,12,13,47,48,53,79,185,210,214,219,220,221,222,223,224,225,226,227,228,229,230,231,232,233,234,235,236,237,238,239,240,241,242,243,244,245,246,247,248,249,250,251,252,253,254,255
N:219	130,3.735308,3.741495,12,19,47,49,50,76,78,79,80,177,178,181,183,184,192,209,213,217,218,220,221,222,223,224,225,226,227,228,229,230,232,233,234,235,236,237,238,240,241,242,251,252,253,257,268,269,271,272,273,274,275,276,277,278,280,282,283,286,290,291,292,293,294,295,307,308,361,362,365,366,370,371,376,377,413,414,415,423,426,445,451,452,453,454,455,460,470,504,505,508,512,513,547,548,563,573,575,576,577,578,581,582,583,584,585,586,587,589,590,591,593,597,598,632,634,636,639,641,722,733,746,747,760,799,842,885,912,916,917,980
N:21	110,1.000000,1.000000,7,14,16,17,18,19,20,22,23,24,25,26,27,28,30,31,32,33,35,37,38,41,42,43,44,58,60,64,65,67,68,70,72,73,76,78,83,84,89,90,91,93,94,109,111,115,118,119,120,125,128,135,152,157,158,165,166,169,170,171,191,200,201,203,206,221,222,292,305,310,313,314,316,323,394,395,396,398,449,450,452,478,482,491,493,494,496,499,510,515,571,613,630,658,693,694,708,711,720,776,778,780,781,783,785,827,855,966,967,968
N:220	79,1.000000,1.000000,11,47,48,49,64,78,79,82,177,178,179,187,218,219,221,223,224,225,226,229,230,231,234,235,236,240,241,244,245,246,247,248,249,250,252,253,254,255,257,271,272,274,275,276,278,293,294,308,348,350,352,362,363,381,426,444,446,451,452,453,504,510,513,530,547,564,573,575,590,599,623,632,639,735,760,799,835,836,837
N:221	86,2.191188,2.195015,12,13,17,21,23,47,48,49,79,84,121,157,177,178,192,218,219,220,223,225,234,236,237,238,240,242,243,252,254,272,273,275,277,278,280,281,286,308,342,343,351,365,373,377,379,444,451,452,453,456,458,459,460,461,478,510,512,513,514,515,529,548,558,573,575,577,581,582,583,586,590,627,632,638,639,670,671,672,678,679,685,720,747,774,820,894
N:222	112,3.522490,3.526397,16,17,21,22,23,47,49,76,78,84,89,90,91,118,119,165,166,200,201,209,214,218,219,223,224,227,228,229,232,233,235,236,238,240,242,249,270,272,273,277,280,298,305,307,311,312,313,314,315,346,355,370,377,416,417,418,424,425,426,429,449,453,454,470,520,547,548,574,576,577,578,579,580,581,582,583,585,587,590,591,594,596,599,600,601,603,604,607,609,610,611,612,630,713,717,718,744,754,776,794,795,840,868,869,870,871,872,873,874,875,876,877
N:223	114,2.957828,2.965462,47,49,50,78,82,176,177,178,189,209,214,215,217,218,219,220,221,222,224,225,226,227,228,229,231,232,233,234,235,236,237,238,240,242,252,254,268,270,271,272,273,274,277,278,280,281,282,286,307,342,351,364,376,377,390,414,415,421,422,424,426,453,454,455,458,459,470,505,509,512,513,518,548,549,550,551,552,554,576,577,578,579,580,581,585,586,587,588,593,596,601,603,604,632,636,639,640,644,673,714,715,716,718,724,731,739,740,746,775,824,853,917,957,958
N:224	95,2.250310,2.254813,17,18,47,49,50,77,78,79,80,191,209,210,218,219,220,222,223,225,226,227,228,229,230,232,233,234,235,236,237,238,239,240,241,242,243,257,272,273,274,275,276,277,278,279,280,281,282,283,284,307,334,341,361,362,365,366,367,376,377,421,422,423,424,425,453,454,455,470,504,505,547,548,576,577,580,582,583,584,585,586,587,588,589,590,591,592,593,631,634,635,636,637,638,747,868
N:225	167,4.263001,4.268779,11,47,76,77,78,79,80,83,88,89,110,119,120,135,138,160,177,182,183,189,191,212,218,219,220,221,223,224,226,228,229,230,231,233,234,235,236,237,238,239,240,241,242,246,250,252,257,258,271,272,273,274,275,276,277,278,279,280,281,283,284,285,286,287,290,291,297,307,308,313,342,351,361,362,363,365,366,367,369,370,371,373,376,377,378,379,380,381,382,383,390,420,422,423,445,451,452,460,461,462,463,467,478,479,483,487,504,505,512,517,518,519,522,529,530,531,548,554,557,558,559,560,562,573,580,582,583,585,586,588,590,591,593,594,598,606,612,614,627,628,630,631,632,633,634,635,636,637,638,639,640,641,642,643,644,645,646,647,648,649,650,651,652,653,654,655,656
N:226	63,1.652932,1.656082,47,49,50,78,79,89,178,181,210,217,218,219,220,223,224,225,228,229,230,232,233,234,235,237,239,243,253,268,269,271,273,274,277,278,283,292,298,342,376,423,424,451,453,454,455,459,470,547,563,573,576,577,581,582,586,592,601,604,635,868,917,956,957
N:227	49,1.482794,1.485113,16,49,80,91,165,209,214,216,218,219,222,223,224,228,229,232,236,238,240,270,277,307,417,426,454,470,548,574,576,577,578,579,580,581,585,587,596,600,601,602,603,604,605,634,713,744,746,775,794
N:228	46,1.264736,1.267922,12,47,49,50,78,209,210,211,212,214,215,216,217,218,219,222,223,224,225,226,227,229,232,233,234,235,236,251,252,273,274,417,424,454,470,576,577,578,580,581,596,718,733,746,747,853
N:229	123,3.220361,3.224460,16,24,47,49,50,76,78,79,80,84,85,86,90,91,118,134,164,192,197,209,218,219,220,222,223,224,225,226,227,228,232,235,236,237,269,270,272,273,274,275,276,277,279,280,282,284,285,311,312,319,325,342,376,377,420,421,422,423,424,425,426,427,431,432,453,454,455,470,476,483,484,559,573,574,575,576,577,578,579,580,581,582,583,584,585,586,587,588,589,590,591,592,593,594,595,596,597,598,599,600,601,602,603,604,605,606,607,608,609,610,611,612,613,614,615,616,617,618,619,620,621,622,623
N:22	163,1.000000,1.000000,7,14,16,17,18,19,20,21,23,24,25,26,27,28,29,30,31,32,33,35,37,38,40,41,42,43,44,57,58,59,60,64,65,67,68,70,72,73,76,77,78,83,84,86,88,90,91,93,95,98,99,107,108,109,110,111,112,117,119,120,122,123,124,125,128,130,134,135,138,139,141,151,152,154,155,156,157,158,163,165,166,167,170,172,191,193,194,199,200,201,203,205,206,222,256,263,264,268,290,295,301,302,304,305,310,311,313,314,316,317,318,323,324,355,394,395,397,398,399,400,402,404,406,419,449,450,469,471,481,482,490,491,493,494,495,498,502,541,564,571,607,624,628,658,659,691,693,694,703,704,705,708,710,711,776,777,778,780,799,833,872,905,961
N:231	72,1.904835,1.907414,11,12,13,47,49,53,78,79,80,178,179,189,212,218,220,223,225,242,243,244,246,247,250,254,257,267,271,272,281,294,308,342,343,348,351,361,364,366,368,390,426,443,444,445,452,453,457,458,464,507,510,511,512,513,516,518,520,522,523,524,526,529,560,590,667,669,670,671,674,685,689,903
N:232	114,3.122907,3.127406,16,47,49,52,76,78,80,82,84,85,86,89,91,118,133,164,165,192,211,218,219,222,223,224,226,227,228,229,233,234,235,236,237,238,240,243,269,270,272,273,274,275,277,278,279,280,282,307,309,312,313,319,346,421,422,423,424,425,426,427,453,454,455,470,476,483,485,573,574,576,577,578,579,580,581,582,583,585,586,587,588,590,593,594,596,599,600,601,603,604,605,607,608,609,610,616,630,633,666,670,718,742,744,745,752,754,776,847,855,864,868,869,917,918
N:233	48,1.153527,1.155633,47,48,50,78,79,80,218,219,222,223,224,225,226,228,232,234,235,236,237,238,240,241,273,274,275,276,278,280,282,283,284,310,361,379,421,422,423,424,548,580,582,584,586,588,593,612,634,644
N:234	65,1.941088,1.944184,47,79,218,219,220,221,223,224,225,226,228,232,233,236,237,238,241,242,243,252,271,272,273,274,278,280,281,284,286,287,300,370,377,421,451,479,504,505,513,527,530,558,559,561,563,573,582,586,632,638,639,640,650,720,721,722,723,724,734,746,799,800,915,916,947
N:235	71,1.664472,1.667387,18,47,49,50,52,76,78,79,80,81,119,183,210,218,219,220,222,223,224,225,226,228,229,230,232,233,236,237,240,242,246,247,249,268,273,274,276,278,280,283,307,310,361,366,367,370,371,377,382,422,424,453,455,459,513,576,577,581,585,586,587,591,593,612,617,631,635,636,747,772,868
N:236	113,2.697360,2.702787,19,47,49,76,77,78,79,80,84,86,134,177,192,218,219,220,221,222,223,224,225,227,228,229,232,233,234,235,237,238,239,240,252,257,268,269,271,272,273,274,276,277,278,280,281,285,286,292,293,307,310,334,337,338,346,362,366,367,371,376,377,421,422,423,424,427,444,445,451,454,461,462,485,487,493,505,512,547,548,559,573,575,577,580,581,582,584,585,586,587,588,589,590,591,594,597,599,605,609,611,612,618,619,623,631,634,636,638,640,653,734,826,829
N:237	73,1.747601,1.750244,19,47,49,50,76,78,79,80,134,218,219,221,223,224,225,226,229,230,232,233,234,235,236,238,252,269,273,274,276,277,278,280,282,286,287,307,310,371,373,377,413,420,422,423,424,428,429,432,455,483,505,512,527,575,580,584,587,589,593,597,598,611,614,617,623,636,640,650,656,722,723,724,725
N:238	57,1.506523,1.510687,47,178,181,209,211,214,215,217,218,219,221,222,223,224,225,227,232,233,234,236,237,240,242,243,252,254,270,278,286,307,348,364,377,413,414,415,454,455,458,513,518,520,548,549,550,551,558,578,582,585,591,632,634,640,714,734,740
N:239	29,1.052214,1.053442,1,20,47,49,78,218,224,225,226,236,246,247,261,272,280,292,339,342,362,377,411,421,425,427,514,601,618,686,879
N:23	85,1.000000,1.000000,14,16,17,18,19,20,21,22,24,25,26,27,28,29,30,31,32,33,34,35,36,37,38,40,41,42,43,44,58,59,60,64,65,68,73,76,84,89,90,91,92,94,95,111,118,119,120,138,152,158,160,165,166,170,191,194,200,201,206,221,222,304,310,314,316,399,449,450,471,478,481,491,494,498,502,515,571,613,693,694,708,778,780,781,799
N:240	66,1.000000,1.000000,16,47,52,79,82,89,181,184,191,215,218,219,220,221,222,223,224,225,227,232,233,235,236,238,242,243,249,252,254,270,307,370,426,454,455,458,470,480,512,513,574,578,579,580,581,582,585,587,590,600,601,602,604,607,616,747,752,754,808,840,868,869,873,885,917,918
N:241	47,1.253253,1.255016,47,48,49,52,79,138,182,183,186,218,219,220,224,225,233,234,242,247,249,250,259,290,318,346,361,362,365,367,370,372,373,376,377,378,379,380,381,390,453,505,527,531,537,558,638,836,936
N:242	68,1.737454,1.741029,13,47,53,79,177,178,182,183,186,188,189,191,218,219,221,222,223,224,225,230,231,234,235,238,240,241,250,254,272,281,286,308,351,361,362,365,367,370,372,373,374,376,377,378,379,380,381,390,444,451,458,460,461,462,463,507,513,520,529,550,576,638,639,675,714,724,754,917
N:243	29,0.837830,0.839242,13,47,50,136,178,210,218,221,224,226,231,232,234,238,240,244,247,348,364,455,513,520,547,575,577,635,747,754,761
N:244	62,1.830455,1.832496,2,11,12,13,64,81,178,179,187,188,189,209,210,212,218,220,231,243,247,250,254,272,290,294,296,335,338,341,342,343,345,346,347,348,350,362,364,426,452,453,454,457,458,466,506,509,512,513,516,521,529,562,565,574,635,667,669,674,735,747,769,789
N:246	49,1.389533,1.390670,1,2,11,12,13,20,48,49,52,53,79,83,178,180,181,182,185,187,210,213,218,220,225,231,235,239,245,248,249,250,254,256,257,259,273,274,349,350,424,453,458,460,507,561,562,563,564,565,566
N:247	69,2.063164,2.065598,11,12,48,49,79,81,82,131,178,182,183,188,218,220,231,235,239,241,243,244,248,249,250,257,259,272,273,281,290,335,339,342,343,344,345,346,347,350,352,366,367,379,392,424,426,444,452,453,454,456,457,458,504,506,514,528,529,635,674,735,747,769,836,879,912,936,938,978,995
N:249	28,0.973095,0.973914,1,12,48,53,184,186,187,210,218,220,222,235,240,241,246,247,248,254,259,351,424,453,460,504,561,563,564,920
N:24	111,1.000000,1.000000,7,14,16,17,18,19,20,21,22,23,25,26,27,28,29,30,31,32,35,36,37,38,40,41,42,44,57,58,67,68,72,73,76,83,84,86,88,89,90,91,93,95,107,110,111,112,116,118,119,130,135,138,151,152,154,156,158,160,165,166,167,170,191,194,199,200,201,206,229,304,305,309,310,314,316,320,395,398,399,432,449,450,471,482,487,490,491,493,498,502,540,541,555,564,571,581,607,613,658,693,704,707,708,743,776,778,780,783,827,832,833
N:250	47,1.000000,1.000000,2,48,53,79,80,82,176,177,183,185,186,187,188,189,218,220,225,231,241,242,244,246,247,254,259,342,352,362,363,369,372,373,376,378,381,382,383,384,390,453,457,527,528,530,531,628,996
N:251	8,0.368503,0.369327,47,218,219,228,417,548,733,734
N:252	49,1.364092,1.367894,47,78,79,80,217,218,219,220,221,223,225,228,230,234,236,237,238,240,268,286,307,377,414,417,424,455,458,505,531,548,549,550,551,552,553,575,576,577,578,587,591,611,614,640,714,715,731,853,949
N:254	69,1.904172,1.906921,2,12,13,47,48,53,79,80,82,120,177,178,179,185,188,189,209,210,212,218,220,221,223,231,238,240,242,244,245,246,249,250,257,259,262,265,266,267,281,289,334,335,338,342,345,350,351,366,426,456,458,507,509,511,512,513,518,520,522,523,562,577,579,585,634,635,667,689,747
N:257	40,1.623879,1.625163,1,12,47,78,79,182,219,220,224,225,231,236,246,247,254,256,259,260,271,280,293,344,349,351,367,372,379,392,422,446,451,455,512,547,561,564,591,769,770,938
N:258	51,1.068946,1.069477,16,26,65,76,83,84,86,88,89,90,91,100,110,112,118,120,121,130,134,135,138,140,143,145,160,164,168,195,196,225,256,271,295,297,310,313,314,318,469,471,474,476,479,488,491,493,496,542,569,614,708
N:259	38,1.288008,1.288938,2,12,18,47,78,79,82,110,182,196,241,245,246,247,249,250,254,256,257,260,277,346,351,352,367,379,380,491,512,564,568,669,689,708,836,880,885,892
N:25	51,1.000000,1.000000,14,16,17,19,20,21,22,23,24,26,27,28,30,31,32,33,34,35,38,39,40,41,42,58,59,69,71,84,89,91,100,107,110,111,118,135,151,152,166,186,316,363,374,441,449,480,491,496,499,664,893
N:260	10,1.000000,1.000000,79,256,257,259,262,336,348,669,762,866
N:262	12,0.767099,0.767834,52,254,256,260,261,264,333,335,336,337,339,866
N:265	3,0.278827,0.278980,254,266,267
N:267	11,0.540719,0.541322,13,178,189,231,254,265,266,348,458,464,526
N:268	55,2.343268,2.345115,22,47,65,76,77,78,80,125,181,219,223,226,235,236,252,269,271,274,277,278,280,282,285,286,288,289,290,292,296,299,301,304,307,342,370,371,377,421,425,427,451,461,485,492,518,573,582,583,588,604,607,630,679,830,832
N:26	109,1.000000,1.000000,7,14,16,17,18,19,21,22,23,24,25,27,28,29,30,31,32,33,35,36,37,38,40,41,42,43,45,48,58,60,61,63,66,69,71,74,76,83,84,89,90,91,92,93,94,95,97,98,100,102,103,104,105,106,107,108,110,111,112,113,118,120,121,125,135,144,151,152,153,154,155,156,157,158,159,161,164,166,167,194,201,258,305,306,310,311,314,317,326,327,387,449,470,471,478,484,491,492,493,494,495,496,497,498,499,500,501,502,503
N:270	32,1.000000,1.000000,77,78,214,217,222,223,227,229,232,238,240,291,296,307,453,454,470,550,576,577,578,579,580,581,599,601,713,714,775,869,872,990
N:271	41,1.122729,1.124585,47,48,76,77,78,83,89,176,177,179,180,182,185,219,220,223,225,226,231,234,236,257,258,268,272,278,279,342,363,365,452,477,504,510,514,573,635,671,766,853,957
N:272	156,4.308044,4.313993,11,12,13,16,47,49,77,79,80,81,82,84,153,178,188,191,192,210,212,219,220,221,222,223,224,225,229,231,232,234,236,239,242,244,247,271,273,275,277,278,281,286,287,290,294,300,308,313,334,335,341,342,343,344,345,346,347,348,350,361,362,363,364,365,366,368,369,377,380,390,391,421,423,424,426,427,443,444,445,451,452,453,454,455,456,457,458,459,460,462,463,478,504,506,507,508,509,510,511,512,513,514,515,516,517,518,529,557,558,559,560,573,577,582,583,585,586,590,594,595,601,605,607,608,618,627,632,638,642,665,668,669,670,671,672,673,674,676,677,678,679,680,684,685,689,720,768,774,864,894,903,908,912,913,914,915
N:273	115,3.021208,3.026154,11,12,47,49,50,77,78,79,80,81,82,84,119,153,178,209,210,212,214,215,217,219,221,222,223,224,225,226,228,229,232,233,234,235,236,237,246,247,269,272,274,275,277,278,280,281,284,294,310,334,341,342,343,345,347,365,366,377,420,421,422,423,424,425,426,427,444,445,451,453,454,456,458,459,470,488,504,506,508,511,518,538,560,574,576,577,580,582,583,585,586,588,590,591,594,595,605,608,609,628,637,644,646,651,668,669,670,677,715,722,733,747,748,749,750
N:274	70,1.606571,1.609597,19,47,49,50,76,77,79,80,82,86,134,191,219,220,223,224,225,226,228,229,232,233,234,235,236,237,246,268,273,276,277,278,280,281,307,310,346,362,370,376,377,421,422,423,424,427,453,522,577,580,581,582,584,586,587,588,589,590,591,594,597,599,601,611,612,632,634,636,694,812
N:276	35,1.022951,1.024289,47,77,78,219,220,224,225,229,233,235,236,237,274,278,280,285,292,293,362,371,422,423,459,462,480,483,575,587,589,591,597,598,606,684,902
N:277	62,1.683134,1.686112,47,49,77,78,85,191,192,219,221,222,223,224,225,226,227,229,232,236,237,259,268,272,273,274,280,285,286,288,292,342,377,421,422,423,427,451,456,462,470,559,576,577,578,580,581,582,583,585,587,588,590,594,596,599,600,601,604,607,655,693,720,744
N:278	61,1.660362,1.663028,47,50,77,78,79,86,219,220,221,223,224,225,226,232,233,234,235,236,237,238,268,269,271,272,273,274,276,280,284,286,293,300,307,370,377,421,422,423,451,488,567,573,580,582,585,586,587,588,589,590,594,598,606,618,638,640,653,734,799,800,826
N:27	179,1.000000,1.000000,7,14,16,17,18,19,20,21,22,23,24,25,26,28,29,30,31,32,33,34,35,36,37,38,39,40,41,42,43,44,45,56,57,58,59,60,61,62,63,64,65,66,67,69,70,71,72,73,74,76,83,84,89,90,91,92,93,94,95,96,97,98,99,100,102,103,104,105,106,107,108,109,110,111,112,113,114,115,118,119,120,121,123,125,126,127,133,135,141,144,147,151,152,155,156,157,158,164,165,166,170,171,173,194,199,200,201,206,295,304,305,306,309,310,311,314,315,316,317,319,324,325,326,327,356,357,358,359,360,394,395,396,397,399,402,403,404,405,406,412,449,470,475,478,486,491,492,493,494,497,498,499,500,503,533,572,614,657,660,664,693,703,705,706,707,710,728,729,730,784,815,816,825,832,885,911,927,948,955
N:280	106,1.000000,1.000000,5,11,17,47,49,76,77,78,79,80,82,84,86,99,132,134,136,191,192,219,221,222,223,224,225,229,232,233,234,235,236,237,239,257,268,273,274,276,277,278,288,307,309,310,315,318,319,346,365,370,376,377,394,421,422,423,424,427,430,432,464,485,487,493,498,505,538,557,559,573,575,580,581,582,584,586,587,588,590,593,594,595,596,597,604,607,611,618,619,631,636,649,693,720,749,769,774,811,823,852,883,929,945,974,975,987
N:281	102,2.687248,2.691479,12,13,47,49,77,78,79,80,81,82,84,177,178,179,192,210,212,221,223,224,225,231,234,236,242,247,254,272,273,274,286,290,291,294,308,333,334,335,338,339,341,342,343,344,345,346,347,348,351,361,362,364,366,368,369,371,375,377,421,424,425,426,427,442,444,445,451,452,453,456,458,459,460,462,506,507,508,511,513,518,520,539,576,577,583,595,599,618,630,633,654,668,670,675,678,679,736,737,768,822,848,933
N:286	70,1.810420,1.814010,47,49,77,78,80,84,177,215,219,221,223,225,234,236,237,238,242,252,268,272,277,278,281,287,292,296,307,308,342,351,376,377,426,451,456,458,460,462,478,504,505,512,513,518,519,558,559,573,582,586,590,591,594,618,632,636,638,639,640,646,650,678,679,720,724,766,774,855,972,973
N:288	13,0.641983,0.642798,77,78,268,277,280,292,293,462,917,941,942,943,999
N:28	96,1.000000,1.000000,14,16,17,18,19,21,22,23,24,25,26,27,29,30,31,32,35,36,37,38,40,42,43,44,56,57,58,59,60,61,62,63,65,66,67,69,70,71,73,74,76,89,91,92,94,95,98,99,100,102,103,106,109,110,113,118,120,125,151,152,156,157,158,164,166,170,173,194,206,295,306,310,314,325,356,357,358,359,395,397,399,403,405,449,478,494,498,499,500,505,664,703,704,705,706,707
N:290	31,1.000000,1.000000,12,22,68,77,78,80,81,123,183,219,225,241,244,247,268,272,281,292,293,296,299,367,371,373,424,426,453,459,506,595,617
N:292	43,1.329038,1.330586,16,21,50,77,78,89,90,135,181,191,219,226,236,239,268,276,277,285,286,287,288,290,291,293,295,296,298,299,342,353,423,449,462,488,547,573,586,590,607,917,941,942,943
N:295	43,0.984387,0.984790,16,17,22,27,28,43,47,65,67,76,77,78,79,83,84,86,87,88,93,120,134,138,145,164,168,191,200,201,219,258,285,292,301,310,319,431,469,471,472,474,577,708,981
N:29	54,1.000000,1.000000,7,14,16,22,23,24,26,27,28,30,31,35,36,37,38,39,43,58,65,69,73,76,84,91,95,103,105,107,109,113,114,120,125,144,156,158,161,166,306,309,310,377,478,493,494,498,502,649,664,703,705,706,855,856
N:2	24,1.000000,1.000000,0,1,12,46,48,52,65,79,182,188,244,246,250,254,259,349,379,527,528,565,836,937,963,991
N:300	12,1.000000,1.000000,77,78,234,272,278,284,293,377,638,721,799,800
N:301	6,1.003433,1.003509,22,77,78,268,295,299
N:303	6,0.709963,0.714067,77,525,767,843,844,845
N:305	114,3.038889,3.039665,7,12,16,17,18,19,20,21,22,24,26,27,30,31,32,36,37,38,39,41,42,66,73,76,83,84,91,92,94,98,103,104,105,110,111,124,130,135,138,140,152,153,157,158,159,160,161,165,166,167,169,191,194,198,200,206,222,306,309,310,311,313,314,316,318,321,323,346,350,355,386,387,388,404,438,449,470,480,481,482,491,493,501,536,537,541,543,545,546,564,569,615,624,625,626,660,662,683,691,702,704,708,717,743,776,783,798,806,807,875,886,891,935,982
N:307	74,1.789961,1.792945,16,47,76,80,83,133,134,157,192,219,222,223,224,225,227,232,235,236,237,238,240,252,268,269,270,274,278,280,286,317,319,377,421,422,423,424,426,427,445,470,476,483,485,487,505,512,575,578,579,580,581,582,584,585,587,588,590,593,594,597,599,600,601,604,607,611,616,617,636,644,693,846,847,864
N:308	47,1.289505,1.291364,13,16,48,84,121,153,157,178,219,220,221,225,231,242,272,281,286,313,342,343,348,363,364,367,369,379,391,443,444,445,453,456,459,462,463,478,504,510,511,514,515,560,627,632,642,671,672
N:309	45,0.970582,0.971221,16,17,18,24,27,29,31,76,83,84,86,89,91,118,121,130,138,144,152,153,157,159,164,165,166,196,232,280,305,311,312,313,320,324,334,449,470,475,540,542,574,576,579,581,717
N:30	88,1.000000,1.000000,7,14,16,19,21,22,23,24,25,26,27,28,29,31,32,36,37,38,39,40,42,43,56,58,59,60,61,62,65,69,71,73,74,76,84,91,97,98,99,100,103,104,106,111,113,120,123,125,144,152,156,157,165,166,199,305,310,317,325,356,358,360,394,395,397,398,399,402,404,405,409,449,475,494,495,498,499,500,541,555,658,703,804,815,856,858,859,860
N:310	130,1.000000,1.000000,7,16,17,21,22,23,24,26,27,28,29,30,32,36,38,41,43,57,65,72,76,78,80,83,84,86,87,88,89,90,91,92,108,112,118,119,120,121,122,123,124,125,133,134,135,138,140,144,152,154,156,157,158,160,164,165,166,167,168,171,191,192,193,194,199,200,201,233,235,236,237,258,273,274,280,295,304,305,311,313,314,316,319,320,376,377,394,397,419,421,422,427,449,469,470,471,472,476,478,480,482,484,488,490,493,505,536,542,554,586,590,601,612,613,614,626,636,649,691,693,703,708,710,850,855,857,858,859,860,861
N:311	43,0.918284,0.918941,16,17,22,26,27,66,76,83,84,86,89,90,91,103,118,119,121,124,126,152,157,165,166,167,199,222,229,305,309,310,312,316,318,321,419,470,475,577,579,581,601,610,805
N:313	54,1.121207,1.122071,13,16,17,18,21,22,33,41,84,87,89,90,91,92,110,118,120,121,122,130,133,145,153,157,165,166,167,191,194,196,200,222,225,232,258,272,305,308,309,310,314,316,318,320,323,342,348,449,469,472,478,510,780,872
N:314	44,0.802053,0.802410,16,18,19,20,21,22,23,24,26,27,28,66,83,84,91,100,111,120,122,128,141,152,157,158,165,166,199,200,222,258,305,310,313,316,317,318,320,325,394,449,491,493,564,708
N:316	65,1.214584,1.215056,16,17,18,19,21,22,23,24,25,27,31,32,40,57,65,66,76,83,84,87,89,90,91,92,110,111,118,120,121,122,128,130,133,152,153,157,165,166,194,199,200,305,310,311,313,314,315,318,320,321,322,323,324,395,398,421,427,431,449,470,472,510,708,751,780
N:318	53,1.156995,1.157478,7,12,16,17,18,22,49,76,78,83,84,87,89,118,128,133,153,157,159,165,192,196,241,258,280,285,305,311,313,314,315,316,320,321,323,324,395,398,431,475,480,491,493,536,537,544,564,574,589,614,717,855,987
N:319	57,1.240562,1.241490,16,17,27,76,83,84,87,88,91,93,97,118,119,120,133,134,135,138,139,141,152,157,164,166,191,204,229,232,280,295,307,310,317,322,323,394,395,398,419,421,431,449,476,478,480,484,536,554,555,567,568,604,614,616,692,846,847
N:31	63,1.000000,1.000000,12,14,16,17,18,19,20,21,22,23,24,25,26,27,28,29,30,32,35,36,37,38,41,42,45,58,73,89,90,91,92,94,95,98,111,114,115,116,151,153,154,156,157,158,159,161,162,165,166,194,305,306,309,316,449,491,496,498,502,613,704,707,805
N:320	23,1.000000,1.000000,18,24,40,76,83,84,135,137,153,157,309,310,313,314,316,318,324,348,421,600,692,708,717
N:323	34,0.826882,0.827316,17,18,21,22,66,84,89,118,127,128,133,157,166,167,201,203,305,313,316,318,319,360,394,395,398,404,419,449,476,662,692,697,704,711
N:32	101,1.000000,1.000000,14,16,17,18,19,20,21,22,23,24,25,26,27,28,30,31,33,34,35,36,37,38,40,41,42,43,58,59,60,61,62,67,69,73,84,89,90,91,92,93,94,95,97,98,100,102,103,104,106,107,109,110,111,116,125,130,135,152,158,165,166,191,200,203,206,305,306,310,316,388,394,395,396,398,399,400,401,402,404,405,406,407,449,471,494,499,500,502,555,658,659,661,662,663,691,707,708,711,778,804,832
N:333	10,0.494214,0.494903,153,262,281,334,335,336,337,338,339,340
N:334	31,1.021122,1.022730,12,13,80,153,159,178,210,224,236,254,272,273,281,309,333,335,336,337,338,339,340,342,345,348,366,421,426,427,538,668,969
N:335	29,0.985517,0.986871,12,13,81,178,244,247,254,262,272,281,333,334,337,338,339,341,342,343,344,345,346,347,348,349,350,351,352,353,354
N:336	7,0.749219,0.750013,260,262,333,334,762,866,986
N:337	10,0.452256,0.452865,12,236,262,333,334,335,338,339,368,521
N:339	13,0.524970,0.525833,210,239,247,262,281,333,334,335,337,338,342,348,421
N:33	27,1.000000,1.000000,14,16,21,22,23,25,26,27,32,34,40,41,58,61,84,89,110,130,135,152,313,327,394,449,471,491,493
N:341	31,0.846045,0.847487,12,49,81,178,210,212,224,244,272,273,281,335,342,345,346,347,348,366,368,421,424,426,444,453,456,506,507,514,737,747,772
N:342	130,3.604570,3.609298,11,12,13,16,47,49,51,80,81,83,84,178,179,188,189,210,212,221,223,225,226,229,231,239,244,247,250,254,268,269,271,272,273,277,281,286,287,289,292,294,308,313,334,335,338,339,341,343,344,345,347,348,351,353,361,364,365,366,368,377,390,391,426,443,444,445,451,452,453,454,455,456,457,458,459,460,461,462,465,468,478,504,506,508,509,510,511,512,513,514,515,516,517,518,521,523,524,529,557,558,559,560,562,589,599,627,630,632,635,637,655,668,669,670,671,672,674,677,678,684,685,720,735,760,774,894,908,917,956,993
N:343	65,1.661111,1.663437,11,12,13,18,47,49,81,178,210,212,221,231,244,247,272,273,281,294,308,335,342,345,348,350,361,364,366,368,390,391,426,443,444,445,452,453,454,458,459,506,507,509,510,514,516,517,518,520,521,524,529,558,573,582,665,668,669,670,671,675,676,720,774,894,912
N:345	46,1.338207,1.339943,12,13,49,80,81,178,196,210,212,244,247,254,272,273,281,334,335,341,342,343,346,347,348,351,364,368,390,424,444,453,454,458,459,506,509,511,518,524,595,630,669,680,822,848,933,995
N:346	40,1.213199,1.214863,12,49,52,81,82,178,196,212,222,232,236,241,244,247,259,272,274,280,281,305,335,341,345,347,372,379,426,444,453,458,518,529,537,564,581,587,689,717,747,880
N:348	78,2.233773,2.236452,11,12,13,178,179,187,188,189,196,209,210,212,220,231,238,243,244,260,267,272,275,281,308,313,320,334,335,338,339,341,342,343,344,345,347,350,351,364,368,370,390,443,444,446,452,453,454,456,458,459,460,506,509,512,513,514,516,517,518,520,521,523,524,539,654,665,667,668,669,673,674,678,680,684,685,735,736,737
N:34	20,1.000000,1.000000,14,17,23,25,27,32,33,38,57,58,59,70,74,89,90,91,92,93,94,95
N:350	27,0.871348,0.871348,11,12,47,78,79,82,83,165,212,220,244,246,247,254,272,305,335,343,348,349,351,426,537,564,660,726,727
N:351	49,1.331662,1.333744,12,13,47,48,79,82,84,178,179,189,210,212,213,221,223,225,231,242,249,254,257,259,281,286,335,342,345,348,350,354,364,368,377,421,444,456,458,507,510,512,513,520,522,524,564,591,632,680,689
N:352	15,0.802308,0.802541,12,47,79,83,220,247,250,259,335,564,669,688,689,690,880
N:355	29,0.918497,0.918812,17,22,66,91,111,118,127,140,153,165,167,191,206,222,305,360,394,419,438,476,481,541,545,624,625,660,702,704,982
N:35	41,1.000000,1.000000,14,16,17,21,22,23,24,25,26,27,28,29,31,32,36,37,38,41,42,66,69,73,89,90,91,92,95,116,151,152,158,166,200,206,306,449,498,502,613,658,707
N:360	16,1.000000,1.000000,27,30,60,66,97,127,201,323,355,358,396,402,404,409,658,778
N:361	32,0.928477,0.930061,13,178,182,219,224,225,230,231,233,235,241,242,272,281,294,342,343,347,362,363,364,365,366,367,368,369,370,371,372,373,374,375
N:362	42,1.041318,1.042884,47,48,79,180,182,191,210,219,220,224,225,230,236,239,241,242,244,250,272,274,276,281,361,363,365,367,369,370,373,376,378,379,380,381,382,427,529,586,590,635,636,643
N:363	31,0.933557,0.934363,25,47,48,82,89,176,180,182,183,186,220,225,250,271,272,308,361,362,367,382,390,441,453,465,467,468,480,530,641,836,936
N:364	58,1.559061,1.561530,11,12,13,178,179,187,188,189,209,210,212,223,231,238,243,244,272,281,308,338,342,343,345,347,348,351,361,368,370,378,390,444,452,453,454,456,458,460,461,462,510,512,513,516,517,520,521,523,524,539,573,635,667,670,673,678,684,685
N:365	34,0.974431,0.976062,11,47,176,177,178,189,219,221,224,225,241,242,271,272,273,280,342,361,362,367,370,373,445,452,453,457,458,504,515,517,528,531,558,760
N:366	46,1.044360,1.046291,12,47,49,78,79,80,83,84,130,138,178,210,219,224,225,231,235,236,247,254,272,273,281,334,341,342,343,361,421,422,423,427,444,445,453,458,493,506,507,508,518,539,573,584,605,669
N:367	34,1.028408,1.029704,79,81,182,186,224,225,230,235,236,241,242,247,257,259,290,308,361,362,363,365,369,370,372,373,376,377,378,379,380,381,382,383,384,385
N:368	43,1.350339,1.352196,11,12,13,178,179,188,196,209,212,231,272,281,337,341,342,343,345,347,348,351,361,364,390,444,453,454,456,458,459,513,516,521,523,524,539,667,668,673,678,680,681,685,719
N:36	69,1.000000,1.000000,7,14,16,17,23,24,26,27,28,29,30,31,32,35,37,38,40,43,48,58,61,63,69,71,84,89,90,91,92,94,95,102,103,104,105,106,107,108,109,113,114,118,124,125,153,156,158,159,161,305,306,310,324,387,388,480,491,494,496,501,502,536,541,613,614,693,707,765,948
N:370	53,1.000000,1.000000,47,48,53,79,177,178,182,219,222,225,234,235,240,241,242,268,274,278,280,348,361,362,364,365,367,371,373,376,377,390,391,423,426,451,455,461,479,505,552,557,558,559,586,636,638,639,644,649,654,684,766,868,873
N:373	40,1.132905,1.135144,47,80,89,177,180,182,183,221,225,237,241,242,250,290,361,362,365,367,369,370,371,376,377,422,424,455,457,479,505,531,575,614,617,638,643,654,655,656,724,767
N:375	4,0.296504,0.296813,178,281,361,651
N:376	45,1.128052,1.130258,47,78,79,219,223,224,225,226,229,236,241,242,250,274,280,286,310,362,367,369,370,371,373,377,379,380,383,461,462,478,479,505,512,518,519,550,586,598,636,638,639,646,647,724,766
N:377	86,2.257327,2.261159,29,47,79,80,84,219,221,222,223,224,225,229,234,235,236,237,238,239,241,242,252,268,272,273,274,277,278,280,281,286,287,300,307,310,342,351,367,370,373,376,445,451,456,458,460,461,462,478,479,505,510,512,518,519,522,530,557,558,559,560,573,582,586,587,589,590,591,593,594,612,618,632,636,638,639,644,649,650,655,668,720,721,799,800,855,972
N:379	25,1.151769,1.152688,2,12,48,79,81,182,221,225,233,241,242,247,257,259,283,308,346,362,367,372,376,380,689,769,770
N:37	61,1.000000,1.000000,7,14,16,21,22,23,24,26,27,28,29,30,31,32,35,36,38,39,42,43,58,59,61,69,71,72,74,94,95,97,98,100,102,103,106,109,110,119,123,125,144,156,165,304,305,324,327,359,396,399,404,449,486,497,498,499,500,664,728,729,730
N:38	70,1.000000,1.000000,14,16,17,18,19,21,22,23,24,25,26,27,28,29,30,31,32,34,35,36,37,40,41,42,43,44,56,57,58,59,60,61,62,63,65,69,70,71,73,74,90,91,94,95,98,100,104,106,111,113,120,125,135,151,156,157,158,305,310,356,397,399,403,405,494,498,499,500,541,707
N:390	41,1.000000,1.000000,12,13,47,79,178,180,186,188,223,225,231,241,242,250,272,342,343,345,348,363,364,368,370,372,378,380,444,451,452,453,454,455,456,457,458,459,460,461,462,463,464
N:391	11,0.429784,0.430404,178,186,189,272,294,308,342,343,370,372,766
N:394	52,1.056512,1.057004,16,17,18,21,22,27,30,32,33,60,67,76,83,84,89,90,91,92,93,95,99,110,118,120,133,141,152,166,191,280,310,314,317,319,322,323,355,395,398,402,419,422,476,533,568,662,692,698,708,711,939,940
N:395	59,1.401723,1.402183,16,17,19,21,22,24,27,28,30,32,42,43,59,60,67,84,89,90,91,92,93,95,118,128,133,135,203,316,318,319,322,323,394,396,398,400,402,404,406,419,432,434,436,437,449,476,604,657,658,659,661,662,663,692,694,711,712,778,854
N:398	51,1.181624,1.182065,12,17,19,21,22,24,30,32,42,43,59,60,67,84,90,91,93,95,128,133,137,191,203,206,316,317,318,319,322,323,394,395,396,400,402,404,419,432,434,437,449,476,555,604,658,659,661,662,692,711,712
N:399	38,1.000190,1.000252,16,17,22,23,24,27,28,30,32,37,38,43,58,59,60,95,98,103,104,109,125,147,317,325,356,400,402,404,408,499,502,658,703,712,780,804,815,825
N:39	27,1.000000,1.000000,14,16,25,27,29,30,37,42,43,83,108,129,130,131,135,138,139,140,143,144,150,160,305,478,495,497,856
N:3	6,1.000000,1.000000,4,5,6,7,8,9
N:400	16,1.000000,1.000000,22,32,60,95,395,396,398,399,402,404,419,658,659,692,711,712
N:401	5,0.978543,0.978548,32,60,358,396,499
N:402	31,0.908810,0.908935,22,27,30,32,59,60,84,91,93,95,135,166,206,360,394,395,396,398,399,400,404,410,532,533,534,535,658,659,711,712,778
N:404	46,1.285499,1.285672,16,22,27,30,32,37,41,43,59,60,91,95,97,98,103,104,125,127,166,167,203,305,323,358,360,393,395,396,398,399,400,402,406,407,409,499,502,555,657,658,659,660,661,662,663,664
N:40	21,1.000000,1.000000,14,16,22,23,24,25,26,27,28,30,32,33,36,38,42,63,110,316,320,449,708
N:413	6,0.289242,0.289804,47,219,237,238,414,415
N:414	15,0.585567,0.587522,217,219,223,238,252,413,415,417,547,548,549,550,551,552,553
N:415	10,0.397373,0.398600,217,219,223,238,413,414,548,549,550,746
N:416	3,0.335291,0.335755,222,417,418
N:417	16,0.813055,0.815307,209,216,222,227,228,251,252,414,416,418,552,553,576,577,733,734
N:418	4,0.540805,0.542188,222,416,417,851
N:419	71,2.242879,2.243670,17,19,22,83,84,90,91,93,118,133,137,164,165,167,191,203,263,310,311,317,319,322,323,355,394,395,398,400,432,434,436,437,438,449,470,476,482,572,604,657,658,659,661,662,663,687,691,692,694,696,697,698,699,701,704,705,711,712,779,781,814,838,839,847,854,939,940,951,952,953,954
N:41	58,1.000000,1.000000,14,16,17,18,19,20,21,22,23,24,25,26,27,31,32,33,35,38,42,58,60,83,84,88,90,91,108,110,111,112,119,120,123,129,130,135,140,151,152,156,160,163,170,172,199,200,206,305,310,313,404,449,471,487,693,705,708,885
N:421	84,2.126340,2.129111,47,49,76,80,82,84,85,86,87,91,133,137,158,192,223,224,229,232,233,234,236,239,268,272,273,274,277,278,280,281,284,307,310,316,319,320,334,339,341,351,366,420,422,423,424,425,426,427,441,456,470,485,507,522,537,538,539,548,576,580,584,585,586,587,588,590,593,594,597,600,605,606,607,617,618,668,692,694,811,817,821,822,855,958
N:422	67,1.633458,1.635869,7,16,47,76,78,80,134,223,224,225,229,230,232,233,235,236,237,257,273,274,276,277,278,280,282,284,307,310,366,373,394,420,421,423,424,427,429,445,483,518,575,577,580,584,586,587,588,589,590,593,594,595,597,598,604,611,612,614,617,621,633,640,655,656,823,826,852
N:423	36,0.852088,0.853662,76,78,84,219,224,225,226,229,232,233,236,237,272,273,274,276,277,278,280,282,292,307,366,370,420,421,422,470,581,587,589,590,593,597,604,917
N:424	77,1.861927,1.865143,12,47,49,50,79,80,82,209,210,212,214,222,223,224,226,228,229,230,232,233,235,236,237,246,247,249,252,272,273,274,280,281,290,307,341,344,345,371,373,420,421,422,425,426,427,453,454,455,456,470,506,513,518,538,539,548,551,575,576,577,580,589,595,597,598,614,617,619,621,623,640,665,668,670,737,772,824
N:426	63,1.641442,1.644082,11,12,49,50,51,76,80,81,82,86,134,178,210,212,219,220,222,223,227,229,231,232,240,244,247,254,272,273,281,286,290,307,334,341,342,343,346,350,370,420,421,424,425,427,428,444,453,458,507,513,518,520,577,578,579,585,587,605,667,675,747,870,912
N:427	48,1.142495,1.143993,49,76,80,82,83,84,137,178,192,210,229,232,236,239,268,272,273,274,277,280,281,307,310,316,334,362,366,420,421,422,424,425,426,456,485,493,507,538,539,587,590,597,605,623,821,822,842,912
N:42	36,1.000000,1.000000,14,16,19,20,21,22,23,24,25,26,27,28,30,31,32,35,37,38,39,40,41,43,44,58,59,60,73,83,84,94,95,111,198,305,395,398
N:430	11,1.000000,1.000000,76,83,86,88,134,135,280,428,433,488,693
N:439	2,0.235423,0.235423,434,437
N:43	52,1.000000,1.000000,7,14,16,21,22,23,26,27,28,29,30,32,36,37,38,39,42,59,60,67,91,92,95,100,103,108,119,135,139,144,165,200,295,310,324,395,398,399,404,449,481,482,493,494,497,502,693,703,728,729,730,948
N:444	58,1.506803,1.508859,11,12,13,49,80,81,178,189,220,221,231,236,242,247,272,273,275,281,308,341,342,343,345,346,347,348,351,364,366,368,390,425,426,443,446,452,453,454,456,458,509,510,511,512,513,515,516,517,518,522,523,529,583,669,671,674,719,869
N:445	39,0.991917,0.993421,13,47,49,76,80,178,179,219,225,231,236,272,273,281,289,307,308,342,343,365,366,377,422,443,456,458,506,507,513,514,518,522,560,590,607,611,627,676,916
N:447	4,0.355799,0.355927,182,186,441,448
N:449	86,1.730054,1.730736,7,17,18,19,20,21,22,23,24,25,26,27,28,30,31,32,33,35,37,40,41,43,58,68,73,78,83,84,88,89,90,91,92,93,100,109,110,118,119,134,135,152,158,164,165,166,167,191,194,200,201,203,206,222,292,305,309,310,313,314,316,319,323,395,396,398,406,419,481,491,494,502,515,613,658,659,692,704,707,708,711,778,780,838,872,968
N:44	23,1.000000,1.000000,14,21,22,23,24,27,28,38,42,48,57,58,64,65,66,67,68,69,70,71,72,73,74
N:450	13,1.000000,1.000000,17,21,22,23,24,64,68,72,90,109,200,302,304
N:451	70,1.811701,1.814561,47,76,78,80,82,180,183,219,220,221,225,226,234,236,242,257,268,272,273,277,278,281,286,287,342,370,377,390,452,456,460,461,462,478,504,510,511,515,547,558,559,573,577,580,581,582,586,587,588,589,590,591,594,599,618,632,638,649,650,671,678,684,720,736,774,829,894,919,928,973
N:452	55,1.593876,1.596320,1,11,21,48,89,176,178,180,183,186,188,189,217,219,220,221,225,231,244,247,271,272,281,342,343,348,364,365,381,390,444,451,453,455,456,457,458,491,504,510,514,516,517,528,529,530,549,573,599,632,670,671,672,714,760
N:453	94,2.311942,2.315465,11,12,47,48,49,79,80,81,82,178,182,183,191,210,211,212,213,219,220,221,222,223,224,226,229,231,232,235,241,244,246,247,249,250,270,272,273,274,281,289,290,308,341,342,343,344,345,346,347,348,363,364,365,366,368,369,378,390,424,425,426,444,452,454,455,456,457,458,459,460,504,506,507,508,509,527,528,529,562,576,577,578,579,581,586,590,595,635,665,668,669,670,747,912
N:454	57,1.449893,1.453619,12,47,49,82,178,209,210,215,217,219,222,223,224,226,227,228,229,232,236,238,240,244,247,270,272,273,342,343,345,348,364,368,390,424,444,453,455,458,459,470,509,513,548,549,550,576,577,578,579,581,585,603,673,713,714,715,716
N:455	47,1.280534,1.282477,13,47,49,80,82,177,181,219,223,224,226,229,230,232,235,237,238,240,243,252,257,272,298,342,370,373,390,424,452,453,454,458,459,470,513,573,577,581,640,752,753,754,761,808,868,873,917
N:456	64,1.605672,1.608412,12,13,49,80,84,133,178,189,210,221,247,254,272,273,277,281,286,308,341,342,348,351,364,368,369,377,390,421,424,427,444,445,451,452,453,458,460,461,462,463,478,510,512,513,514,515,522,557,558,559,562,582,591,605,632,642,668,670,676,684,702,720,774,894
N:458	81,2.154371,2.158354,11,12,13,47,51,80,82,177,178,179,180,188,189,210,212,221,223,231,238,240,242,244,246,247,252,254,267,272,273,281,286,294,338,342,343,344,345,346,347,348,351,364,365,366,368,377,390,426,444,445,452,453,454,455,456,457,459,464,504,505,506,507,508,509,510,511,512,513,514,515,516,517,518,519,520,521,522,523,524,525,526
N:45	13,1.000000,1.000000,14,17,26,27,31,154,173,674,782,895,896,897,898
N:460	35,1.100824,1.102477,47,48,178,187,219,221,225,242,246,249,272,281,286,342,348,364,377,390,451,453,456,512,515,520,558,573,586,594,632,670,671,720,774,894,928
N:461	26,0.852883,0.854069,47,221,225,236,242,255,268,342,364,369,370,376,377,390,451,456,463,530,557,560,636,638,639,642,647,773
N:462	31,0.866141,0.867688,47,78,225,236,242,272,276,277,281,285,286,287,288,292,308,342,364,369,376,377,378,380,390,451,456,463,559,575,586,594,642
N:463	12,0.484046,0.484658,225,242,272,308,369,378,390,456,461,462,642,773
N:46	10,1.000000,1.000000,2,47,48,49,50,51,52,53,54,55
N:470	70,1.000000,1.000000,16,18,26,27,49,76,83,84,85,86,91,103,119,153,164,166,167,191,193,200,219,222,223,224,226,227,228,229,232,240,270,273,277,305,307,309,310,311,316,419,421,423,424,454,455,459,469,481,482,548,576,577,578,579,580,581,585,587,596,599,600,601,602,603,606,607,610,692,794,805
N:476	55,1.801124,1.802164,16,17,76,83,84,86,91,118,133,138,165,167,191,202,229,232,258,307,310,319,322,323,355,394,395,398,419,431,436,437,484,494,604,654,659,687,691,692,693,695,696,697,698,699,700,701,708,711,779,847,939,940,951,952,977
N:477	17,0.972910,0.973088,76,83,86,88,135,136,143,195,271,340,488,489,612,630,791,801,850
N:478	69,1.437914,1.439189,16,17,21,23,26,27,28,29,39,65,76,83,84,86,88,89,91,92,119,120,121,134,135,138,144,154,156,160,162,164,166,171,221,225,272,286,304,306,308,310,313,319,342,376,377,451,456,473,494,495,497,498,505,515,559,569,586,632,636,638,639,649,703,705,706,827,855,856,857
N:47	181,1.000000,1.000000,12,13,16,19,46,49,50,51,52,76,78,79,80,81,82,84,119,136,177,178,179,181,188,189,192,209,214,215,217,218,219,220,221,222,223,224,225,226,228,229,230,231,232,233,234,235,236,237,238,239,240,241,242,243,245,251,252,253,254,257,259,268,269,271,272,273,274,275,276,277,278,279,280,281,286,289,295,307,342,343,350,351,352,362,363,365,366,370,371,373,374,376,377,380,381,390,413,421,422,424,429,445,451,453,454,455,458,460,461,462,479,505,509,511,512,513,514,515,518,519,520,523,547,548,558,559,561,562,563,567,573,575,577,578,581,582,583,584,585,586,587,589,590,591,593,594,597,598,601,611,612,618,623,632,634,636,638,639,640,646,649,650,671,678,684,685,693,720,723,724,733,734,746,747,774,799,829,855,894,912,916
N:480	40,1.000000,1.000000,16,25,36,76,83,86,88,91,103,119,120,135,138,140,153,161,165,191,198,200,240,276,305,310,318,319,363,388,441,481,482,484,536,541,554,591,615,693,699,743
N:48	66,1.000000,1.000000,2,7,12,17,26,36,44,46,52,53,55,64,175,178,181,183,184,187,188,210,212,218,220,221,233,241,246,247,248,249,250,254,255,271,308,351,362,363,370,378,379,381,382,385,441,452,453,457,460,491,504,515,527,528,529,530,540,547,561,564,599,635,671,753,920,996
N:490	17,1.000000,1.000000,22,24,83,84,86,88,91,119,135,138,165,166,191,193,200,310,493
N:491	48,0.987821,0.988127,16,17,18,19,21,22,23,24,25,26,27,31,33,36,48,58,61,64,68,69,83,84,89,90,91,94,100,130,135,138,145,160,191,206,258,259,305,314,318,449,452,493,496,510,569,708,780,885
N:493	59,1.117826,1.118336,16,17,18,19,20,21,22,24,26,27,29,33,43,76,80,83,84,91,110,112,120,130,133,135,138,141,153,160,165,166,169,191,194,200,236,258,280,305,310,314,318,366,427,471,485,490,491,492,496,569,595,605,609,624,658,708,743,751,833
N:494	41,0.837466,0.837683,16,17,21,22,23,26,27,28,29,30,32,36,38,43,58,64,68,71,84,90,91,95,103,106,115,121,133,156,172,200,356,449,476,478,498,654,692,703,705,736,827
N:498	30,1.248438,1.248509,16,22,23,24,26,27,28,29,30,31,35,37,38,58,59,83,114,116,155,156,158,172,280,478,494,502,536,703,909,910
N:499	38,1.033046,1.033153,16,21,25,26,27,28,30,32,37,38,58,59,69,72,95,97,98,100,103,104,106,119,123,128,144,156,199,304,396,399,401,404,405,497,500,658,693,709
N:49	112,1.000000,1.000000,11,12,13,16,17,46,47,50,51,52,75,79,80,81,82,84,87,133,178,209,210,212,219,220,221,222,223,224,226,227,228,229,231,232,235,236,237,239,241,245,246,247,272,273,274,277,279,280,281,286,318,341,342,343,344,345,346,366,421,424,425,426,427,442,444,445,453,454,455,456,459,470,505,506,507,518,537,539,548,576,577,578,579,580,581,582,585,586,587,596,603,605,608,619,628,644,646,668,669,670,679,722,748,772,774,794,797,822,824,912,958,985
N:4	12,1.000000,1.000000,3,5,6,7,8,9,76,83,86,87,331,435
N:500	21,1.000000,1.000000,16,26,27,28,30,32,37,38,58,59,62,69,71,95,98,100,106,120,324,486,499
N:505	54,1.337182,1.338876,16,28,47,49,76,80,83,92,138,156,164,219,223,224,225,234,236,237,241,252,269,280,286,287,307,310,370,371,373,376,377,458,478,479,512,518,519,523,586,597,621,636,638,639,640,644,646,648,649,650,725,766,821,958
N:506	29,0.808230,0.809438,12,49,80,178,212,244,247,272,273,281,289,290,341,342,343,345,348,366,424,445,453,458,516,518,634,669,836,912,916
N:50	31,1.000000,1.000000,46,47,49,51,52,78,80,81,82,210,211,219,223,224,226,228,229,233,235,237,243,273,274,278,292,424,426,518,634,669,747
N:510	38,1.000000,1.000000,13,21,84,89,178,188,220,221,231,271,272,308,313,316,342,343,351,364,369,377,444,451,452,456,457,458,491,512,514,516,517,558,591,599,632,643,670,671
N:512	61,1.553459,1.556074,13,47,79,80,82,84,178,179,182,189,210,213,219,221,223,225,231,236,237,240,244,254,257,259,272,286,289,307,342,348,351,364,369,376,377,444,456,458,460,505,509,510,513,515,516,518,519,558,559,573,575,580,582,591,594,667,689,720,747,855,881
N:513	57,1.733677,1.736226,12,13,47,79,80,82,178,179,210,212,219,220,221,223,231,234,235,238,240,242,243,244,254,272,281,286,342,348,351,364,368,424,426,444,445,454,455,456,458,507,509,511,512,515,518,520,522,523,524,585,617,632,667,670,675,914,960
N:518	48,1.299020,1.301163,13,47,49,50,51,52,80,81,82,178,179,223,225,231,238,254,268,272,273,281,286,338,342,343,344,345,346,348,366,376,377,422,424,426,444,445,458,505,506,509,512,513,517,522,667,668,720,749
N:51	13,1.000000,1.000000,46,47,49,50,52,54,178,210,342,426,458,518,747
N:520	36,1.000000,1.000000,12,13,47,136,177,178,209,210,212,215,222,231,238,242,243,254,281,343,348,351,364,426,458,460,507,509,513,522,558,577,578,579,591,675,747,917
N:525	6,0.714285,0.718455,303,458,767,843,844,845
N:526	5,0.305345,0.305637,178,231,267,458,464
N:52	22,1.000000,1.000000,2,46,47,48,49,50,51,53,54,55,82,232,235,240,241,246,256,261,262,264,346,518
N:536	39,0.981957,0.982257,16,36,64,76,83,94,103,110,112,119,120,135,138,140,144,153,159,160,161,165,248,305,306,310,318,319,480,498,501,537,541,615,626,693,699,708,743,798,827
N:53	16,1.000000,1.000000,46,48,52,55,175,187,210,218,231,242,246,249,250,254,370,920
N:540	11,1.000000,1.000000,7,18,24,48,83,153,196,309,324,542,776
N:543	13,0.646531,0.646930,132,135,145,147,148,149,153,161,305,321,545,546,834
N:547	24,0.975136,0.976026,16,47,48,78,79,219,220,222,224,226,236,243,257,292,349,414,451,529,645,723,820,835,946,947
N:548	36,1.007536,1.010830,47,49,209,217,219,221,222,223,224,225,227,233,236,238,251,252,414,415,421,424,454,470,549,550,551,576,577,578,588,632,639,714,715,724,746,853
N:549	21,0.755879,0.758336,209,215,217,223,238,252,414,415,452,454,548,550,551,578,714,716,731,739,740,741,853
N:54	7,1.000000,1.000000,46,51,52,210,214,215,923
N:550	25,-0.352627,-0.349700,209,217,223,238,242,252,270,376,414,415,454,548,549,551,552,576,577,578,675,714,715,716,731,739,741
N:551	12,0.427765,0.429145,80,217,223,238,252,414,424,548,549,550,714,731
N:552	12,0.514734,0.516360,217,223,252,370,414,417,550,553,715,731,734,746
N:553	5,0.312896,0.313636,209,252,414,417,552
N:554	28,0.865027,0.865469,5,83,88,97,104,119,121,122,135,139,141,202,203,204,223,225,310,317,319,325,480,555,588,606,704,781,838,839
N:558	41,1.169382,1.171401,47,177,189,210,221,225,234,238,241,272,286,342,343,365,370,377,380,451,456,460,509,510,512,515,520,557,559,573,586,590,632,655,720,747,766,774,894,913,921,928,962
N:55	4,1.000000,1.000000,46,48,52,53
N:564	39,0.925297,0.925806,11,12,17,18,20,22,24,48,79,82,83,84,89,110,118,165,167,179,210,220,246,249,257,259,305,314,318,322,346,350,351,352,467,537,568,708,717,727,780
N:56	12,1.000000,1.000000,16,27,28,30,38,57,58,59,60,61,62,63
N:573	51,1.354235,1.357257,47,78,177,178,181,219,220,221,225,226,229,230,232,234,236,253,268,271,272,278,280,285,286,292,343,364,366,377,451,452,455,460,512,558,559,575,586,589,591,618,621,630,632,638,666,671,684,724,774,916,917
N:575	31,0.869256,0.870443,47,78,80,219,220,221,229,230,236,237,243,252,269,276,280,307,373,422,424,462,512,573,580,589,593,621,639,722,723,724,841
N:576	52,1.568320,1.571544,16,49,87,209,216,217,219,222,223,224,226,227,228,229,232,235,242,252,270,273,277,281,309,417,421,424,453,454,470,548,550,574,577,578,580,581,582,587,596,601,602,603,673,713,714,718,775,794,795,796,824,840
N:577	89,2.456930,2.460783,12,16,47,49,76,78,84,89,118,164,192,209,210,216,217,219,221,222,223,224,226,227,228,229,232,235,236,243,252,254,270,272,273,274,275,277,279,281,295,311,312,349,417,422,424,425,426,451,453,454,455,459,470,520,548,550,574,576,578,579,580,581,582,585,586,587,590,594,596,599,601,602,603,604,607,608,609,610,673,717,718,744,752,754,775,794,868,870,918
N:578	47,1.472873,1.475451,47,49,209,215,217,219,222,223,227,228,229,232,238,240,252,270,277,307,426,453,454,470,520,548,549,550,576,577,579,580,581,584,585,587,596,601,602,603,605,607,713,714,794,795,840,870,872
N:579	36,1.070285,1.071587,16,49,76,121,152,166,217,222,223,227,229,232,240,254,270,307,309,311,425,426,453,454,470,520,577,578,580,581,585,601,603,608,795,840,872,877
N:57	35,1.000000,1.000000,17,22,24,27,28,34,38,44,56,58,64,65,70,76,83,84,91,93,100,110,120,121,125,127,128,157,164,168,191,310,316,356,358,397,710
N:580	57,1.000000,1.000000,49,76,78,80,192,197,222,223,224,225,227,228,229,232,233,236,237,240,270,273,274,277,278,280,282,307,421,422,424,451,470,512,575,576,577,578,579,581,582,583,584,585,587,588,589,590,592,594,596,597,599,600,601,604,607,611,614
N:581	52,1.309417,1.311581,16,24,47,49,76,85,89,91,152,181,211,219,221,222,223,226,227,228,229,232,235,236,240,270,274,277,280,307,309,311,346,423,451,453,454,455,470,576,577,578,579,580,587,590,596,601,603,610,613,718,868,869
N:582	56,1.299689,1.302101,6,16,17,47,49,76,78,79,80,89,164,192,210,219,221,222,224,225,226,229,232,233,234,236,238,240,268,272,273,274,277,278,280,286,307,343,344,371,377,432,451,456,512,567,576,577,580,586,587,591,594,636,676,693,720,916
N:585	40,1.182555,1.184548,11,47,49,78,219,222,223,224,225,227,229,232,235,236,238,240,254,272,273,277,278,284,307,421,425,426,454,470,513,577,578,579,580,586,587,596,605,637,870,874
N:586	60,1.413380,1.416128,47,49,76,78,79,219,221,223,224,225,226,229,232,233,234,235,236,272,273,274,278,280,282,284,286,292,310,362,370,376,377,380,383,421,422,451,453,460,462,478,479,505,558,559,560,573,577,582,585,587,588,589,590,618,619,621,636,638,649,671
N:587	60,1.614559,1.617086,47,49,80,192,219,222,223,224,227,229,232,235,236,237,240,252,274,276,277,278,280,307,346,377,421,422,423,425,426,427,451,470,576,577,578,580,581,582,583,584,585,586,588,590,593,594,596,597,599,600,601,604,607,611,622,649,693,720,744,916
N:588	30,0.888217,0.890061,135,179,223,224,225,229,232,233,236,268,273,274,277,278,280,307,421,422,451,515,548,554,580,586,587,594,611,639,826,945
N:58	66,1.000000,1.000000,16,17,19,20,21,22,23,24,25,26,27,28,29,30,31,32,33,34,36,37,38,41,42,44,56,57,59,64,65,66,67,68,69,70,71,74,91,93,95,100,109,110,115,117,120,126,152,157,159,201,326,356,358,399,449,486,491,494,498,499,500,502,707,736,827,895
N:590	52,1.000000,1.000000,47,76,78,191,219,220,221,222,224,225,229,231,232,236,240,272,273,274,277,278,280,286,291,292,299,307,310,362,377,421,422,423,427,445,451,453,558,577,580,581,584,586,587,591,598,599,611,632,636,774,810,884
N:591	37,1.055976,1.057971,47,209,215,219,222,224,225,229,235,236,238,252,257,273,274,276,286,351,377,451,456,480,510,512,520,573,582,590,594,632,636,650,720,736,917,928,972
N:592	8,0.519116,0.519522,224,226,229,298,580,604,612,620
N:594	32,0.825922,0.827870,47,192,222,225,229,232,236,272,273,274,277,278,280,286,307,377,421,422,451,460,462,512,577,580,582,587,588,591,596,599,636,720
N:596	24,0.913785,0.915520,49,222,223,227,228,229,232,277,280,470,576,577,578,580,581,585,587,594,599,607,610,666,744,745
N:599	30,0.859582,0.860773,15,48,180,192,220,222,229,232,236,270,274,277,281,307,342,451,452,470,504,510,511,516,577,580,587,590,594,596,600,601
N:59	46,1.000000,1.000000,16,17,22,23,25,27,28,30,32,34,37,38,42,43,56,58,60,61,62,69,95,98,99,100,103,104,125,127,158,356,358,395,397,398,399,402,403,404,405,406,410,498,499,500,555,662
N:5	13,1.000000,1.000000,3,4,6,7,8,9,76,83,86,119,280,431,554
N:600	16,1.000000,1.000000,222,227,229,232,240,277,307,320,421,470,580,587,599,607,754,939
N:601	29,0.971570,0.973022,47,80,222,223,226,227,229,232,239,240,270,272,274,277,307,310,311,470,576,577,578,579,580,581,587,599,607,718,745
N:604	39,1.112452,1.113837,16,76,80,83,133,192,222,223,226,227,229,232,240,268,277,280,298,307,319,322,395,398,419,422,423,476,577,580,587,592,597,607,692,693,698,726,754,939,977
N:60	43,1.000000,1.000000,16,19,21,22,23,26,27,28,30,32,38,41,42,43,56,59,61,71,74,95,97,98,125,358,360,393,394,395,396,397,398,399,400,401,402,403,404,405,406,407,408,409,410
N:610	10,1.000000,1.000000,16,76,222,229,232,311,470,577,581,596
N:619	15,0.731905,0.732884,49,78,229,236,280,299,424,559,586,668,749,824,945,975,976
N:61	33,1.000000,1.000000,16,26,27,28,30,32,33,36,37,38,56,59,60,63,69,71,94,98,100,113,125,152,158,201,327,403,405,491,710,784,865,885,927
N:620	3,0.713986,0.714312,229,592,979
N:62	11,1.000000,1.000000,27,28,30,32,38,56,59,96,97,100,500
N:630	29,0.991589,0.991589,12,17,21,83,135,178,179,180,185,187,210,217,222,225,232,268,281,342,345,477,489,573,643,739,754,759,780,791,794
N:632	37,0.983464,0.985401,47,78,189,215,219,220,221,223,225,234,238,272,274,286,287,293,308,342,351,377,451,452,456,460,478,510,513,514,548,558,573,590,591,595,671,720,972
N:636	38,1.023541,1.025068,47,76,78,219,223,224,225,235,236,237,274,280,286,293,307,310,362,370,376,377,383,461,478,479,505,530,582,586,590,591,594,638,639,644,646,649,818,883
N:638	36,1.190584,1.191964,47,119,221,224,225,234,236,241,242,272,278,286,287,300,370,373,376,377,451,461,478,505,559,573,586,618,636,639,644,650,720,721,799,800,863,864
N:63	18,1.000000,1.000000,26,27,28,36,38,40,56,61,69,71,74,100,113,152,157,194,403,784
N:647	4,0.246317,0.246528,225,376,461,639
N:64	31,1.000000,1.000000,12,17,21,22,23,27,44,48,57,58,65,68,72,91,120,125,160,187,200,201,220,244,304,412,450,491,494,536,710,736,827
N:650	15,1.000000,1.000000,47,225,234,237,286,287,377,451,505,591,638,639,640,736,928
N:651	3,0.257168,0.257404,225,273,375
N:652	5,0.291785,0.291849,225,275,279,467,583
N:655	12,0.486235,0.486929,80,225,277,342,373,377,422,558,559,774,894,993
N:658	45,1.049439,1.049674,16,17,18,21,22,24,30,32,35,68,89,90,91,93,95,103,104,125,135,191,200,206,360,393,395,396,398,399,400,402,404,419,449,482,493,499,555,662,694,708,711,712,743,778,802
N:65	66,1.000000,1.000000,2,16,17,21,22,23,27,28,29,30,38,44,57,58,64,66,68,70,73,76,79,83,84,89,91,93,95,100,110,112,117,118,120,121,123,125,126,128,130,135,138,152,157,158,160,163,164,166,168,169,172,191,200,201,258,268,295,304,310,316,356,359,412,475,478,710
N:660	11,1.000000,1.000000,12,27,305,350,355,404,625,657,702,727,982
N:666	8,0.481010,0.479133,12,19,178,210,232,573,596,764
N:66	43,1.000000,1.000000,16,26,27,28,35,44,58,65,67,69,72,84,89,90,91,97,98,100,110,118,125,127,130,152,157,158,160,166,167,169,194,305,311,314,316,323,349,355,356,357,358,359,360
N:670	21,1.000000,1.000000,49,178,209,221,231,232,272,273,281,342,343,364,424,452,453,456,460,510,513,631,726
N:672	9,1.043958,1.044364,178,221,272,308,342,452,752,970,971
N:673	11,0.421212,0.422150,178,217,223,272,348,364,368,454,576,577,714
N:675	13,0.438861,0.439905,178,217,242,281,343,426,509,513,520,550,714,716,724
N:677	4,0.245913,0.246182,178,272,273,342
N:67	38,1.000000,1.000000,16,17,21,22,24,27,28,32,43,44,58,66,68,72,73,84,89,90,91,117,118,120,133,158,167,200,206,295,394,395,397,398,405,434,437,613,711,778
N:680	11,1.000000,1.000000,12,178,196,212,272,345,348,351,368,521,524
N:681	2,0.203170,0.203303,178,368
N:682	1,0.176442,0.176506,178
N:686	1,0.180879,0.180948,239
N:689	18,0.990456,0.990969,12,79,83,196,231,254,259,272,346,351,352,379,512,688,690,880,892,903
N:68	33,1.000000,1.000000,17,19,20,21,22,23,24,44,58,64,65,67,72,77,90,107,108,109,123,125,160,200,290,302,304,449,450,491,494,658,694,736,827
N:690	4,1.000000,1.000000,83,352,688,689
N:691	26,0.968599,0.968946,17,22,32,83,91,93,165,191,202,203,305,310,419,476,482,692,693,694,695,696,697,698,699,700,701,702
N:692	39,1.216775,1.217319,12,17,93,133,191,203,319,320,322,323,394,395,398,400,419,421,436,437,449,470,476,494,604,654,657,659,662,663,691,696,697,698,711,712,838,847,939,940,951
N:693	53,1.372284,1.373086,16,17,21,22,23,24,27,36,41,43,47,76,83,84,89,90,91,95,118,119,125,130,133,135,158,165,166,171,191,192,200,201,202,277,280,307,310,430,432,476,480,499,536,582,587,604,691,695,696,697,699,700,701
N:69	42,1.000000,1.000000,16,25,26,27,28,29,30,32,35,36,37,38,44,58,59,61,63,66,71,73,74,95,100,110,113,126,151,152,157,159,194,327,403,405,486,491,499,500,664,707,885,948
N:6	10,1.000000,1.000000,3,4,5,7,8,9,76,83,567,582
N:700	5,1.000000,1.000000,17,191,476,691,693
N:701	9,0.861303,0.861462,17,419,476,691,693,695,696,697,779
N:708	75,1.504800,1.505327,12,17,18,19,20,21,22,23,24,32,40,41,76,83,84,88,89,90,91,93,108,110,111,112,118,119,120,121,123,130,135,138,139,144,145,160,161,165,168,191,199,200,203,258,259,295,305,310,314,316,320,394,397,449,471,476,482,491,493,536,541,564,568,571,615,658,694,711,743,778,833,838,839,861,905
N:70	15,1.000000,1.000000,17,21,22,27,28,34,38,44,57,58,65,91,93,100,356
N:710	16,1.000000,1.000000,17,22,27,57,61,64,65,84,93,100,113,120,125,310,412,927
N:714	22,0.705571,0.707693,189,209,214,215,217,223,238,242,252,270,452,454,548,549,550,551,576,578,673,675,716,724
N:715	9,0.349689,0.350737,217,223,252,273,454,548,550,552,746
N:716	9,0.347693,0.348635,217,223,454,549,550,675,714,724,917
N:718	10,0.375896,0.376519,89,222,223,228,232,425,576,577,581,601
N:71	36,1.000000,1.000000,7,16,25,26,27,28,30,36,37,38,44,58,60,61,63,69,73,74,95,96,98,100,104,106,125,126,152,159,396,397,403,405,494,500,784,911
N:724	18,0.557654,0.559034,47,189,217,223,234,237,242,286,373,376,527,548,573,575,640,675,714,716
N:728	8,0.725370,0.726257,16,27,37,43,729,730,964,965
N:72	27,1.000000,1.000000,17,19,21,22,24,27,37,44,64,66,67,68,90,91,97,119,120,123,152,157,200,304,310,397,450,481,499
N:730	6,1.000000,1.000000,16,27,37,43,728,729
N:731	8,0.479654,0.480834,217,223,252,549,550,551,552,732
N:732	1,0.201089,0.201274,731
N:733	12,0.522664,0.523896,47,209,210,216,217,219,228,251,273,417,734,738
N:734	16,0.738987,0.740718,47,209,214,215,216,234,236,238,251,278,417,552,733,738,746,878
N:738	3,0.265419,0.265819,216,733,734
N:739	9,0.469723,0.470570,217,223,549,550,628,630,741,777,906
N:73	35,1.000000,1.000000,16,17,19,20,21,22,23,24,27,28,29,30,31,32,35,38,42,44,65,67,69,71,74,90,95,98,106,158,159,305,449,704,707,806,807
N:741	4,0.240202,0.240740,217,549,550,739
N:742	2,0.200272,0.200456,217,232
N:744	12,1.782451,1.787829,222,227,232,277,577,587,596,745,763,794,901,989
N:746	11,0.442684,0.443862,47,219,223,227,228,234,415,548,552,715,734
N:747	32,1.060426,1.061589,12,47,50,51,81,210,212,213,219,221,224,228,235,240,243,244,247,254,273,341,346,426,453,509,512,520,558,772,820,868,869,921
N:749	5,0.435538,0.435956,273,280,518,619,831
N:74	26,1.000000,1.000000,26,27,28,30,34,37,38,44,58,60,63,69,71,73,84,95,97,100,113,152,157,194,315,327,403,405
N:750	1,0.164976,0.165045,273
N:755	5,0.388565,0.388976,17,89,756,757,758
N:756	5,0.367433,0.367709,17,181,631,755,757
N:757	4,0.368788,0.369176,17,755,756,758
N:758	3,0.299726,0.300002,17,755,757
N:75	14,1.000000,1.000000,49,76,77,78,79,80,81,82,83,84,85,86,87,88
N:760	12,1.000000,1.000000,15,89,176,219,220,342,365,452,466,643,759,984
N:761	9,0.478233,0.478729,179,183,185,186,243,455,635,759,926
N:762	5,0.503133,0.503410,260,336,521,759,866
N:763	2,0.477374,0.475032,744,764
N:764	3,0.699093,0.708486,666,763,904
N:766	12,0.506399,0.507802,177,185,188,189,271,286,370,376,391,505,558,767
N:767	7,0.760614,0.765001,303,373,525,766,843,844,845
N:768	2,0.195934,0.196072,272,281
N:76	154,1.000000,1.000000,4,5,6,7,16,17,20,21,22,23,24,26,27,28,29,30,47,57,65,75,78,79,83,84,85,86,87,88,90,91,92,93,118,119,120,121,122,123,124,133,134,135,136,137,138,154,155,156,164,165,166,167,191,192,194,195,200,219,222,225,229,232,235,236,237,258,268,271,274,280,295,305,307,309,310,311,316,317,318,319,320,321,322,371,387,394,411,412,420,421,422,423,426,427,428,430,431,432,434,435,445,451,469,470,471,472,473,474,475,476,477,478,479,480,482,483,484,485,486,487,493,505,533,536,567,568,577,579,580,581,582,586,590,597,604,605,607,610,611,613,614,615,616,617,636,687,693,703,708,832,846,847,849,855
N:770	2,1.000000,1.000000,257,379
N:773	4,0.277530,0.277694,369,461,463,642
N:77	48,1.000000,1.000000,22,68,75,78,90,125,205,212,224,225,236,268,269,270,271,272,273,274,275,276,277,278,279,280,281,282,283,284,285,286,287,288,289,290,291,292,293,294,295,296,297,298,299,300,301,302,303,304
N:780	18,1.000000,1.000000,16,17,21,22,23,24,84,90,92,166,313,316,322,399,449,491,564,630
N:783	5,1.043199,1.043218,17,21,24,305,930
N:785	4,0.345931,0.346172,17,21,966,967
N:78	114,1.000000,1.000000,16,18,21,22,47,50,75,76,77,79,90,120,126,135,164,184,191,192,205,212,219,220,222,223,224,225,226,228,229,230,231,232,233,235,236,237,239,252,257,259,268,269,270,271,273,275,276,277,278,279,280,281,282,283,284,285,286,287,288,290,291,292,293,294,295,296,297,298,299,300,301,302,310,318,350,353,366,376,422,423,431,449,451,462,469,483,488,547,559,567,573,575,577,580,582,584,585,586,590,607,619,632,636,637,644,645,720,752,781,917,941,942,943,944
N:790	4,1.000000,1.000000,135,340,791,792
N:79	88,1.000000,1.000000,2,12,47,49,65,75,76,78,80,81,82,83,85,86,87,91,164,182,210,211,218,219,220,221,224,225,226,229,231,233,234,235,236,237,240,241,242,245,246,247,250,252,254,256,257,259,260,272,273,274,278,280,281,283,295,349,350,351,352,362,366,367,370,376,377,379,380,390,424,442,453,512,513,547,564,565,582,586,634,646,669,684,689,769,836,892,903,912
N:7	42,1.000000,1.000000,3,4,5,6,8,9,16,19,20,21,22,24,26,27,29,30,36,37,43,48,71,76,83,84,91,93,103,133,134,135,191,193,305,310,318,324,422,449,540,542,614,776
N:800	9,1.000000,1.000000,83,234,278,300,377,571,638,721,799
N:801	2,0.998657,0.998689,83,477
N:80	114,1.000000,1.000000,12,47,49,50,75,79,81,82,134,178,182,189,192,209,210,212,213,219,224,225,227,229,230,231,232,233,235,236,237,250,252,254,268,269,272,273,274,280,281,282,286,290,307,310,334,342,345,347,366,371,373,377,421,422,424,425,426,427,429,444,445,451,453,455,456,458,459,469,483,493,505,506,511,512,513,514,518,519,522,523,538,551,575,580,582,587,589,593,595,597,598,601,604,611,614,617,621,623,640,646,649,655,656,668,669,676,702,717,725,813,820,821,822,823
N:810	1,1.000000,1.000000,590
N:817	3,0.354876,0.355119,421,818,819
N:818	4,0.340169,0.340331,19,636,817,883
N:819	2,0.261109,0.261208,19,817
N:81	48,1.000000,1.000000,12,47,49,50,75,79,80,82,87,178,182,210,212,230,235,244,247,272,273,281,290,335,341,342,343,344,345,346,347,367,379,392,426,444,453,459,509,515,518,608,671,747,769,772,932,936,938,978
N:820	6,1.000000,1.000000,80,221,547,747,835,946
N:824	6,0.291179,0.291540,49,223,424,425,576,619
N:826	4,0.239475,0.239767,236,278,422,588
N:82	57,1.000000,1.000000,11,12,47,49,50,52,75,79,80,81,84,178,210,211,220,223,232,240,247,250,254,259,272,273,274,280,281,346,350,351,363,421,424,425,426,427,442,451,453,454,455,458,512,513,518,522,564,595,605,634,644,646,654,679,797,912,917
N:830	1,1.000000,1.000000,268
N:831	1,0.224112,0.224210,749
N:834	3,0.281860,0.282055,145,149,543
N:83	193,1.000000,1.000000,4,5,6,7,12,16,17,18,19,20,21,22,24,26,27,39,41,42,57,65,75,76,79,84,85,86,87,88,89,90,91,92,95,97,100,108,110,111,112,118,119,120,121,122,123,125,129,130,131,132,133,134,135,136,138,139,140,141,142,143,144,145,147,153,154,156,157,160,161,162,163,164,165,166,168,169,170,190,191,193,194,195,196,198,200,204,225,246,256,258,271,295,297,305,307,309,310,311,314,316,317,318,319,320,322,324,338,342,350,352,366,371,394,397,419,427,428,430,431,432,433,449,469,470,471,472,473,474,475,476,477,478,479,480,484,485,487,488,489,490,491,492,493,496,497,498,501,505,536,538,540,542,554,564,567,569,570,571,604,605,609,612,614,615,627,630,637,644,646,688,689,690,691,693,699,708,736,743,751,771,781,800,801,803,809,815,829,832,833,855,856,857,885
N:840	9,1.000000,1.000000,222,240,576,578,579,602,603,795,796
N:843	5,0.677556,0.681536,303,525,767,844,845
N:844	5,0.677556,0.681536,303,525,767,843,845
N:845	5,0.677556,0.681536,303,525,767,843,844
N:84	181,1.000000,1.000000,7,12,16,17,18,19,20,21,22,23,24,25,26,27,29,30,32,33,36,41,42,47,49,57,65,66,67,74,75,76,82,83,86,87,88,89,90,91,92,93,95,97,99,108,110,112,113,117,118,119,120,121,122,124,125,126,128,129,130,133,134,135,137,138,139,151,152,153,154,156,157,158,164,165,166,167,169,191,192,194,196,199,200,201,210,215,221,222,229,232,236,258,263,272,273,280,281,286,295,305,308,309,310,311,313,314,315,316,318,319,320,322,323,325,326,327,342,349,351,366,377,394,395,398,402,412,419,420,421,423,425,427,432,449,456,469,470,472,473,475,476,478,482,490,491,492,493,494,510,512,522,537,538,544,564,574,577,589,605,609,613,614,628,649,693,694,698,708,710,711,717,751,771,778,780,821,822,833,855,861,912
N:851	1,0.265216,0.265411,418
N:853	7,0.335027,0.335732,176,223,228,252,271,548,549
N:85	17,1.000000,1.000000,75,76,79,83,86,88,229,232,277,421,469,470,474,539,581,606,618
N:860	6,1.000000,1.000000,30,120,166,310,858,859
N:866	4,0.466040,0.466396,260,262,336,762
N:86	75,1.000000,1.000000,4,5,16,17,22,24,75,76,79,83,84,85,87,88,91,92,109,118,119,121,122,133,134,135,137,141,154,164,165,190,191,192,193,194,195,197,199,200,229,232,236,258,274,278,280,295,309,310,311,420,421,426,428,430,431,433,469,470,473,474,476,477,478,479,480,481,482,483,484,485,486,487,488,489,490
N:870	7,1.000000,1.000000,222,426,577,578,585,637,874
N:878	2,0.215337,0.215585,209,734
N:879	2,0.206326,0.206457,239,247
N:87	56,1.000000,1.000000,4,16,49,75,76,79,81,83,84,86,89,91,92,112,118,120,121,130,133,135,137,138,139,140,144,152,153,157,164,165,169,196,295,310,313,315,316,318,319,322,421,431,432,435,471,472,473,484,537,538,574,576,589,751,771,861
N:880	6,1.000000,1.000000,12,196,259,346,352,689
N:885	14,0.823260,0.823410,27,41,61,69,83,100,135,219,240,259,491,567,833,980
N:887	7,0.382313,0.382492,132,135,139,143,145,146,148
N:88	76,1.000000,1.000000,16,22,24,41,75,76,83,84,85,86,91,92,110,119,121,129,130,133,134,135,136,137,138,139,140,141,143,144,156,160,164,166,168,170,190,191,193,195,199,200,204,205,225,256,258,295,310,319,338,428,430,433,449,469,471,473,475,477,478,480,488,489,490,554,556,571,612,615,653,664,708,743,751,833,856,857
N:890	3,1.000000,1.000000,135,143,889
N:894	18,0.647287,0.648283,47,176,186,221,272,342,343,451,456,460,558,655,684,720,774,913,928,962
N:896	5,0.485427,0.485646,45,173,895,897,898
N:897	5,0.485427,0.485646,45,173,895,896,898
N:898	5,0.485427,0.485646,45,173,895,896,897
N:89	114,1.000000,1.000000,11,12,16,17,21,23,24,25,26,27,28,31,32,33,34,35,36,65,66,67,83,84,87,90,91,92,93,94,95,110,118,119,120,121,124,130,131,133,135,151,152,153,157,158,159,164,165,166,167,176,180,182,183,196,200,201,222,225,226,232,240,258,271,292,309,310,311,312,313,315,316,318,321,322,323,324,344,363,373,394,395,396,397,432,449,452,466,475,478,491,510,537,564,577,581,582,613,658,674,685,693,694,708,711,718,735,751,752,755,759,760,778,855,868
N:8	7,1.000000,1.000000,3,4,5,6,7,9,135
N:900	4,1.000000,1.000000,121,195,474,899
N:901	1,1.055805,1.055616,744
N:902	1,0.174875,0.174940,276
N:904	1,0.350737,0.348584,764
N:906	3,0.319590,0.319934,215,739,907
N:907	3,0.314220,0.314468,215,754,906
N:90	77,1.000000,1.000000,16,17,21,22,23,24,26,27,31,32,34,35,36,38,41,66,67,68,72,73,76,77,78,83,84,89,91,92,93,94,95,109,111,112,118,119,121,124,133,152,158,164,166,167,170,191,196,200,201,222,229,258,292,310,311,313,315,316,322,394,395,397,398,419,432,449,450,491,494,613,658,693,708,711,778,780,827
N:910	2,1.000000,1.000000,498,909
N:913	6,0.351403,0.351740,272,558,774,894,928,962
N:915	2,0.198929,0.199074,234,272
N:91	140,1.000000,1.000000,7,16,17,18,19,20,21,22,23,24,25,26,27,28,29,30,31,32,34,35,36,38,41,43,57,58,64,65,66,67,70,72,76,79,83,84,86,87,88,89,90,92,93,95,110,111,112,118,119,120,121,122,124,125,128,130,133,134,135,137,138,140,144,152,154,156,157,158,164,165,166,167,170,191,193,194,196,199,200,201,203,206,222,227,229,232,258,305,309,310,311,313,314,316,319,322,355,394,395,397,398,402,404,419,421,432,449,470,471,473,476,478,480,481,482,490,491,493,494,541,555,561,581,613,614,658,691,693,703,708,711,743,778,802,805,827,832,856,872,875
N:920	7,1.000000,1.000000,12,48,53,184,187,210,249
N:926	2,0.223535,0.223691,183,761
N:92	49,1.000000,1.000000,16,17,23,26,27,28,31,32,34,35,36,43,76,83,84,86,87,88,89,90,91,95,110,118,119,120,130,135,138,153,156,162,164,165,200,305,310,313,316,394,395,449,473,475,478,484,505,613,780
N:930	1,1.000000,1.000000,783
N:93	50,1.000000,1.000000,7,17,19,21,22,24,26,27,32,34,57,58,65,70,76,84,89,90,91,103,104,125,127,157,164,203,206,295,319,359,393,394,395,398,402,419,449,471,613,658,662,691,692,694,698,708,710,711,712,778
N:941	6,0.453884,0.454442,78,288,292,942,943,999
N:942	5,0.349680,0.350087,78,288,292,941,943
N:943	5,0.349680,0.350087,78,288,292,941,942
N:945	6,0.498644,0.499345,280,588,619,974,975,976
N:947	5,0.397975,0.398117,234,547,722,835,946
N:94	25,1.000000,1.000000,16,17,21,23,26,27,28,31,32,34,36,37,38,42,61,89,90,153,158,159,161,305,491,536,613
N:951	5,0.337681,0.337916,419,476,692,698,952
N:952	3,0.262160,0.262346,419,476,951
N:956	4,0.251764,0.251972,212,226,342,737
N:957	3,0.217768,0.218009,223,226,271
N:95	71,1.000000,1.000000,16,17,22,23,24,26,27,28,29,31,32,34,35,36,37,38,42,43,58,59,60,65,69,71,73,74,83,84,89,90,91,92,98,99,100,103,104,109,113,118,120,125,126,135,152,156,157,158,164,166,200,201,394,395,396,398,399,400,402,404,406,484,494,499,500,555,658,659,662,693,703
N:960	3,0.962925,0.962993,13,513,914
N:962	5,0.322804,0.323070,558,774,894,913,928
N:964	2,0.395517,0.396121,728,965
N:965	2,0.395517,0.396121,728,964
N:966	3,0.322813,0.323033,21,785,967
N:967	3,0.322813,0.323033,21,785,966
N:969	1,0.178044,0.178126,334
N:96	8,1.000000,1.000000,27,62,71,97,98,99,100,101
N:970	2,1.000000,1.000000,672,971
N:972	4,0.241317,0.241617,286,377,591,632
N:973	3,0.220590,0.220734,286,287,451
N:974	3,0.304648,0.304968,280,945,975
N:975	4,0.356696,0.357127,280,619,945,974
N:976	2,0.262269,0.262542,619,945
N:979	2,0.410846,0.410977,556,620
N:97	35,1.000000,1.000000,16,26,27,30,32,37,60,62,66,72,74,83,84,96,98,99,100,101,119,144,157,194,315,317,319,325,360,404,486,497,499,503,554,816,955
N:980	2,1.000000,1.000000,219,885
N:983	1,0.201885,0.201885,625
N:986	1,0.241071,0.241214,336
N:989	1,0.276638,0.276449,744
N:98	41,1.000000,1.000000,16,22,26,27,28,30,31,32,37,38,59,60,61,66,71,73,95,96,97,99,100,101,120,144,157,158,305,317,326,356,399,404,407,486,497,499,500,503,806,807,815
N:990	1,1.000000,1.000000,270
N:993	2,0.208091,0.208246,342,655
N:999	2,0.256408,0.256634,288,941
N:99	20,1.000000,1.000000,16,22,27,28,30,59,84,95,96,97,98,100,108,120,125,280,394,486,533,568
N:9	6,1.000000,1.000000,3,4,5,6,7,8
